<?xml version="1.0" encoding="UTF-8"?>
<coverage generated="1666303030504" clover="3.2.0">
  <project timestamp="1666303030505" name="All files">
    <metrics statements="284" coveredstatements="270" conditionals="72" coveredconditionals="62" methods="82" coveredmethods="80" elements="438" coveredelements="412" complexity="0" loc="284" ncloc="284" packages="7" files="19" classes="19">
      <package name="node-api-tdd">
        <metrics statements="1" coveredstatements="1" conditionals="0" coveredconditionals="0" methods="0" coveredmethods="0"/>
        <file name="knexfile.js" path="/home/enacom/Desktop/repositories/Personal/node-api-tdd/knexfile.js">
          <metrics statements="1" coveredstatements="1" conditionals="0" coveredconditionals="0" methods="0" coveredmethods="0"/>
          <line num="1" count="7" type="stmt"/>
        </file>
      </package>
      <package name="node-api-tdd.src">
        <metrics statements="19" coveredstatements="17" conditionals="2" coveredconditionals="1" methods="2" coveredmethods="2"/>
        <file name="app.js" path="/home/enacom/Desktop/repositories/Personal/node-api-tdd/src/app.js">
          <metrics statements="19" coveredstatements="17" conditionals="2" coveredconditionals="1" methods="2" coveredmethods="2"/>
          <line num="1" count="7" type="stmt"/>
          <line num="2" count="7" type="stmt"/>
          <line num="3" count="7" type="stmt"/>
          <line num="4" count="7" type="stmt"/>
          <line num="5" count="7" type="stmt"/>
          <line num="6" count="7" type="stmt"/>
          <line num="7" count="7" type="stmt"/>
          <line num="9" count="7" type="stmt"/>
          <line num="11" count="7" type="stmt"/>
          <line num="23" count="7" type="stmt"/>
          <line num="31" count="7" type="stmt"/>
          <line num="33" count="7" type="stmt"/>
          <line num="34" count="34" type="stmt"/>
          <line num="36" count="34" type="stmt"/>
          <line num="37" count="34" type="cond" truecount="1" falsecount="1"/>
          <line num="39" count="0" type="stmt"/>
          <line num="43" count="0" type="stmt"/>
          <line num="46" count="34" type="stmt"/>
          <line num="49" count="7" type="stmt"/>
        </file>
      </package>
      <package name="node-api-tdd.src.config">
        <metrics statements="27" coveredstatements="25" conditionals="2" coveredconditionals="1" methods="5" coveredmethods="5"/>
        <file name="middlewares.js" path="/home/enacom/Desktop/repositories/Personal/node-api-tdd/src/config/middlewares.js">
          <metrics statements="3" coveredstatements="3" conditionals="0" coveredconditionals="0" methods="1" coveredmethods="1"/>
          <line num="1" count="7" type="stmt"/>
          <line num="4" count="7" type="stmt"/>
          <line num="5" count="7" type="stmt"/>
        </file>
        <file name="passport.js" path="/home/enacom/Desktop/repositories/Personal/node-api-tdd/src/config/passport.js">
          <metrics statements="14" coveredstatements="12" conditionals="2" coveredconditionals="1" methods="3" coveredmethods="3"/>
          <line num="1" count="7" type="stmt"/>
          <line num="2" count="7" type="stmt"/>
          <line num="4" count="7" type="stmt"/>
          <line num="6" count="7" type="stmt"/>
          <line num="7" count="7" type="stmt"/>
          <line num="12" count="7" type="stmt"/>
          <line num="13" count="144" type="stmt"/>
          <line num="14" count="144" type="stmt"/>
          <line num="16" count="144" type="cond" truecount="1" falsecount="1"/>
          <line num="17" count="0" type="stmt"/>
          <line num="19" count="0" type="stmt"/>
          <line num="23" count="7" type="stmt"/>
          <line num="25" count="7" type="stmt"/>
          <line num="26" count="42" type="stmt"/>
        </file>
        <file name="router.js" path="/home/enacom/Desktop/repositories/Personal/node-api-tdd/src/config/router.js">
          <metrics statements="10" coveredstatements="10" conditionals="0" coveredconditionals="0" methods="1" coveredmethods="1"/>
          <line num="1" count="7" type="stmt"/>
          <line num="3" count="7" type="stmt"/>
          <line num="4" count="7" type="stmt"/>
          <line num="6" count="7" type="stmt"/>
          <line num="8" count="7" type="stmt"/>
          <line num="9" count="7" type="stmt"/>
          <line num="10" count="7" type="stmt"/>
          <line num="11" count="7" type="stmt"/>
          <line num="12" count="7" type="stmt"/>
          <line num="14" count="7" type="stmt"/>
        </file>
      </package>
      <package name="node-api-tdd.src.errors">
        <metrics statements="3" coveredstatements="3" conditionals="1" coveredconditionals="1" methods="1" coveredmethods="1"/>
        <file name="index.js" path="/home/enacom/Desktop/repositories/Personal/node-api-tdd/src/errors/index.js">
          <metrics statements="3" coveredstatements="3" conditionals="1" coveredconditionals="1" methods="1" coveredmethods="1"/>
          <line num="1" count="7" type="cond" truecount="1" falsecount="0"/>
          <line num="2" count="34" type="stmt"/>
          <line num="3" count="34" type="stmt"/>
        </file>
      </package>
      <package name="node-api-tdd.src.routes">
        <metrics statements="130" coveredstatements="121" conditionals="12" coveredconditionals="12" methods="44" coveredmethods="43"/>
        <file name="accounts.js" path="/home/enacom/Desktop/repositories/Personal/node-api-tdd/src/routes/accounts.js">
          <metrics statements="27" coveredstatements="26" conditionals="4" coveredconditionals="4" methods="13" coveredmethods="12"/>
          <line num="1" count="7" type="stmt"/>
          <line num="2" count="7" type="stmt"/>
          <line num="4" count="7" type="stmt"/>
          <line num="5" count="7" type="stmt"/>
          <line num="7" count="7" type="stmt"/>
          <line num="8" count="7" type="stmt"/>
          <line num="13" count="7" type="cond" truecount="4" falsecount="0"/>
          <line num="14" count="3" type="stmt"/>
          <line num="15" count="4" type="stmt"/>
          <line num="17" count="3" type="stmt"/>
          <line num="20" count="7" type="stmt"/>
          <line num="21" count="3" type="stmt"/>
          <line num="22" count="3" type="stmt"/>
          <line num="25" count="1" type="stmt"/>
          <line num="27" count="2" type="stmt"/>
          <line num="31" count="7" type="stmt"/>
          <line num="32" count="1" type="stmt"/>
          <line num="36" count="1" type="stmt"/>
          <line num="40" count="7" type="stmt"/>
          <line num="44" count="0" type="stmt"/>
          <line num="47" count="7" type="stmt"/>
          <line num="48" count="1" type="stmt"/>
          <line num="50" count="1" type="stmt"/>
          <line num="54" count="7" type="stmt"/>
          <line num="55" count="2" type="stmt"/>
          <line num="57" count="1" type="stmt"/>
          <line num="61" count="7" type="stmt"/>
        </file>
        <file name="auth.js" path="/home/enacom/Desktop/repositories/Personal/node-api-tdd/src/routes/auth.js">
          <metrics statements="21" coveredstatements="19" conditionals="4" coveredconditionals="4" methods="3" coveredmethods="3"/>
          <line num="2" count="7" type="stmt"/>
          <line num="3" count="7" type="stmt"/>
          <line num="4" count="7" type="stmt"/>
          <line num="6" count="7" type="stmt"/>
          <line num="8" count="7" type="stmt"/>
          <line num="9" count="7" type="stmt"/>
          <line num="11" count="7" type="stmt"/>
          <line num="12" count="3" type="stmt"/>
          <line num="13" count="3" type="stmt"/>
          <line num="15" count="3" type="cond" truecount="4" falsecount="0"/>
          <line num="16" count="1" type="stmt"/>
          <line num="22" count="1" type="stmt"/>
          <line num="24" count="1" type="stmt"/>
          <line num="27" count="2" type="stmt"/>
          <line num="29" count="0" type="stmt"/>
          <line num="33" count="7" type="stmt"/>
          <line num="34" count="1" type="stmt"/>
          <line num="35" count="1" type="stmt"/>
          <line num="36" count="1" type="stmt"/>
          <line num="38" count="0" type="stmt"/>
          <line num="42" count="7" type="stmt"/>
        </file>
        <file name="balance.js" path="/home/enacom/Desktop/repositories/Personal/node-api-tdd/src/routes/balance.js">
          <metrics statements="9" coveredstatements="8" conditionals="0" coveredconditionals="0" methods="2" coveredmethods="2"/>
          <line num="2" count="7" type="stmt"/>
          <line num="4" count="7" type="stmt"/>
          <line num="5" count="7" type="stmt"/>
          <line num="7" count="7" type="stmt"/>
          <line num="8" count="10" type="stmt"/>
          <line num="9" count="10" type="stmt"/>
          <line num="10" count="10" type="stmt"/>
          <line num="12" count="0" type="stmt"/>
          <line num="16" count="7" type="stmt"/>
        </file>
        <file name="transactions.js" path="/home/enacom/Desktop/repositories/Personal/node-api-tdd/src/routes/transactions.js">
          <metrics statements="21" coveredstatements="21" conditionals="2" coveredconditionals="2" methods="12" coveredmethods="12"/>
          <line num="1" count="7" type="stmt"/>
          <line num="2" count="7" type="stmt"/>
          <line num="4" count="7" type="stmt"/>
          <line num="5" count="7" type="stmt"/>
          <line num="7" count="7" type="stmt"/>
          <line num="8" count="6" type="stmt"/>
          <line num="9" count="6" type="stmt"/>
          <line num="11" count="6" type="cond" truecount="2" falsecount="0"/>
          <line num="12" count="3" type="stmt"/>
          <line num="14" count="3" type="stmt"/>
          <line num="18" count="7" type="stmt"/>
          <line num="22" count="1" type="stmt"/>
          <line num="25" count="15" type="stmt"/>
          <line num="29" count="10" type="stmt"/>
          <line num="32" count="7" type="stmt"/>
          <line num="36" count="1" type="stmt"/>
          <line num="39" count="7" type="stmt"/>
          <line num="43" count="1" type="stmt"/>
          <line num="46" count="7" type="stmt"/>
          <line num="50" count="1" type="stmt"/>
          <line num="53" count="7" type="stmt"/>
        </file>
        <file name="transfers.js" path="/home/enacom/Desktop/repositories/Personal/node-api-tdd/src/routes/transfers.js">
          <metrics statements="40" coveredstatements="35" conditionals="2" coveredconditionals="2" methods="10" coveredmethods="10"/>
          <line num="2" count="7" type="stmt"/>
          <line num="3" count="7" type="stmt"/>
          <line num="5" count="7" type="stmt"/>
          <line num="6" count="7" type="stmt"/>
          <line num="8" count="7" type="stmt"/>
          <line num="9" count="11" type="stmt"/>
          <line num="10" count="11" type="stmt"/>
          <line num="15" count="11" type="cond" truecount="2" falsecount="0"/>
          <line num="17" count="10" type="stmt"/>
          <line num="19" count="1" type="stmt"/>
          <line num="23" count="7" type="stmt"/>
          <line num="24" count="18" type="stmt"/>
          <line num="25" count="4" type="stmt"/>
          <line num="26" count="14" type="stmt"/>
          <line num="29" count="7" type="stmt"/>
          <line num="30" count="1" type="stmt"/>
          <line num="31" count="1" type="stmt"/>
          <line num="36" count="1" type="stmt"/>
          <line num="38" count="0" type="stmt"/>
          <line num="42" count="7" type="stmt"/>
          <line num="43" count="1" type="stmt"/>
          <line num="44" count="1" type="stmt"/>
          <line num="49" count="1" type="stmt"/>
          <line num="51" count="0" type="stmt"/>
          <line num="55" count="7" type="stmt"/>
          <line num="56" count="3" type="stmt"/>
          <line num="57" count="3" type="stmt"/>
          <line num="62" count="3" type="stmt"/>
          <line num="64" count="0" type="stmt"/>
          <line num="68" count="7" type="stmt"/>
          <line num="69" count="1" type="stmt"/>
          <line num="70" count="1" type="stmt"/>
          <line num="75" count="1" type="stmt"/>
          <line num="77" count="0" type="stmt"/>
          <line num="81" count="7" type="stmt"/>
          <line num="82" count="1" type="stmt"/>
          <line num="83" count="1" type="stmt"/>
          <line num="88" count="1" type="stmt"/>
          <line num="90" count="0" type="stmt"/>
          <line num="94" count="7" type="stmt"/>
        </file>
        <file name="users.js" path="/home/enacom/Desktop/repositories/Personal/node-api-tdd/src/routes/users.js">
          <metrics statements="12" coveredstatements="12" conditionals="0" coveredconditionals="0" methods="4" coveredmethods="4"/>
          <line num="1" count="7" type="stmt"/>
          <line num="3" count="7" type="stmt"/>
          <line num="4" count="7" type="stmt"/>
          <line num="5" count="7" type="stmt"/>
          <line num="6" count="1" type="stmt"/>
          <line num="10" count="1" type="stmt"/>
          <line num="14" count="7" type="stmt"/>
          <line num="15" count="6" type="stmt"/>
          <line num="16" count="6" type="stmt"/>
          <line num="17" count="2" type="stmt"/>
          <line num="19" count="4" type="stmt"/>
          <line num="23" count="7" type="stmt"/>
        </file>
      </package>
      <package name="node-api-tdd.src.seeds">
        <metrics statements="15" coveredstatements="15" conditionals="0" coveredconditionals="0" methods="2" coveredmethods="2"/>
        <file name="01_transfer.js" path="/home/enacom/Desktop/repositories/Personal/node-api-tdd/src/seeds/01_transfer.js">
          <metrics statements="9" coveredstatements="9" conditionals="0" coveredconditionals="0" methods="1" coveredmethods="1"/>
          <line num="1" count="2" type="stmt"/>
          <line num="2" count="2" type="stmt"/>
          <line num="3" count="2" type="stmt"/>
          <line num="4" count="2" type="stmt"/>
          <line num="5" count="2" type="stmt"/>
          <line num="7" count="2" type="stmt"/>
          <line num="22" count="2" type="stmt"/>
          <line num="29" count="2" type="stmt"/>
          <line num="50" count="2" type="stmt"/>
        </file>
        <file name="02_balance.js" path="/home/enacom/Desktop/repositories/Personal/node-api-tdd/src/seeds/02_balance.js">
          <metrics statements="6" coveredstatements="6" conditionals="0" coveredconditionals="0" methods="1" coveredmethods="1"/>
          <line num="1" count="2" type="stmt"/>
          <line num="3" count="2" type="stmt"/>
          <line num="4" count="2" type="stmt"/>
          <line num="25" count="2" type="stmt"/>
          <line num="34" count="2" type="stmt"/>
          <line num="55" count="2" type="stmt"/>
        </file>
      </package>
      <package name="node-api-tdd.src.services">
        <metrics statements="89" coveredstatements="88" conditionals="55" coveredconditionals="47" methods="28" coveredmethods="27"/>
        <file name="accounts.js" path="/home/enacom/Desktop/repositories/Personal/node-api-tdd/src/services/accounts.js">
          <metrics statements="21" coveredstatements="20" conditionals="12" coveredconditionals="7" methods="8" coveredmethods="7"/>
          <line num="1" count="7" type="stmt"/>
          <line num="3" count="7" type="stmt"/>
          <line num="4" count="7" type="stmt"/>
          <line num="7" count="7" type="cond" truecount="0" falsecount="1"/>
          <line num="11" count="13" type="cond" truecount="0" falsecount="1"/>
          <line num="16" count="7" type="stmt"/>
          <line num="17" count="1" type="stmt"/>
          <line num="21" count="1" type="cond" truecount="1" falsecount="1"/>
          <line num="22" count="0" type="cond" truecount="0" falsecount="2"/>
          <line num="25" count="7" type="stmt"/>
          <line num="26" count="3" type="stmt"/>
          <line num="28" count="3" type="cond" truecount="2" falsecount="0"/>
          <line num="30" count="2" type="stmt"/>
          <line num="31" count="2" type="cond" truecount="2" falsecount="0"/>
          <line num="33" count="1" type="stmt"/>
          <line num="37" count="7" type="stmt"/>
          <line num="41" count="7" type="stmt"/>
          <line num="42" count="2" type="stmt"/>
          <line num="43" count="2" type="cond" truecount="2" falsecount="0"/>
          <line num="45" count="1" type="stmt"/>
          <line num="50" count="7" type="stmt"/>
        </file>
        <file name="balance.js" path="/home/enacom/Desktop/repositories/Personal/node-api-tdd/src/services/balance.js">
          <metrics statements="3" coveredstatements="3" conditionals="0" coveredconditionals="0" methods="2" coveredmethods="2"/>
          <line num="1" count="7" type="stmt"/>
          <line num="2" count="10" type="stmt"/>
          <line num="12" count="7" type="stmt"/>
        </file>
        <file name="transactions.js" path="/home/enacom/Desktop/repositories/Personal/node-api-tdd/src/services/transactions.js">
          <metrics statements="18" coveredstatements="18" conditionals="18" coveredconditionals="17" methods="6" coveredmethods="6"/>
          <line num="1" count="7" type="stmt"/>
          <line num="3" count="7" type="stmt"/>
          <line num="4" count="7" type="cond" truecount="1" falsecount="0"/>
          <line num="11" count="7" type="cond" truecount="0" falsecount="1"/>
          <line num="16" count="7" type="stmt"/>
          <line num="19" count="15" type="stmt"/>
          <line num="21" count="15" type="cond" truecount="2" falsecount="0"/>
          <line num="22" count="14" type="cond" truecount="2" falsecount="0"/>
          <line num="23" count="13" type="cond" truecount="2" falsecount="0"/>
          <line num="24" count="12" type="cond" truecount="2" falsecount="0"/>
          <line num="25" count="11" type="cond" truecount="2" falsecount="0"/>
          <line num="27" count="10" type="stmt"/>
          <line num="29" count="10" type="cond" truecount="6" falsecount="0"/>
          <line num="30" count="4" type="stmt"/>
          <line num="32" count="10" type="stmt"/>
          <line num="37" count="7" type="stmt"/>
          <line num="42" count="7" type="stmt"/>
          <line num="47" count="7" type="stmt"/>
        </file>
        <file name="transfers.js" path="/home/enacom/Desktop/repositories/Personal/node-api-tdd/src/services/transfers.js">
          <metrics statements="29" coveredstatements="29" conditionals="16" coveredconditionals="14" methods="7" coveredmethods="7"/>
          <line num="3" count="7" type="stmt"/>
          <line num="5" count="7" type="stmt"/>
          <line num="6" count="7" type="cond" truecount="0" falsecount="1"/>
          <line num="11" count="12" type="cond" truecount="0" falsecount="1"/>
          <line num="16" count="7" type="stmt"/>
          <line num="17" count="18" type="cond" truecount="2" falsecount="0"/>
          <line num="18" count="16" type="cond" truecount="2" falsecount="0"/>
          <line num="19" count="14" type="cond" truecount="2" falsecount="0"/>
          <line num="20" count="12" type="cond" truecount="2" falsecount="0"/>
          <line num="21" count="10" type="cond" truecount="2" falsecount="0"/>
          <line num="22" count="8" type="cond" truecount="2" falsecount="0"/>
          <line num="24" count="6" type="stmt"/>
          <line num="25" count="6" type="cond" truecount="2" falsecount="0"/>
          <line num="28" count="7" type="stmt"/>
          <line num="29" count="3" type="stmt"/>
          <line num="33" count="3" type="stmt"/>
          <line num="54" count="3" type="stmt"/>
          <line num="56" count="3" type="stmt"/>
          <line num="59" count="7" type="stmt"/>
          <line num="60" count="1" type="stmt"/>
          <line num="65" count="1" type="stmt"/>
          <line num="84" count="1" type="stmt"/>
          <line num="85" count="1" type="stmt"/>
          <line num="87" count="1" type="stmt"/>
          <line num="90" count="7" type="stmt"/>
          <line num="91" count="1" type="stmt"/>
          <line num="92" count="1" type="stmt"/>
          <line num="97" count="1" type="stmt"/>
          <line num="100" count="7" type="stmt"/>
        </file>
        <file name="user.js" path="/home/enacom/Desktop/repositories/Personal/node-api-tdd/src/services/user.js">
          <metrics statements="18" coveredstatements="18" conditionals="9" coveredconditionals="9" methods="5" coveredmethods="5"/>
          <line num="1" count="7" type="stmt"/>
          <line num="2" count="7" type="stmt"/>
          <line num="4" count="7" type="stmt"/>
          <line num="5" count="7" type="cond" truecount="1" falsecount="0"/>
          <line num="7" count="157" type="stmt"/>
          <line num="9" count="7" type="stmt"/>
          <line num="10" count="8" type="stmt"/>
          <line num="11" count="8" type="stmt"/>
          <line num="14" count="7" type="stmt"/>
          <line num="15" count="12" type="cond" truecount="2" falsecount="0"/>
          <line num="16" count="11" type="cond" truecount="2" falsecount="0"/>
          <line num="17" count="10" type="cond" truecount="2" falsecount="0"/>
          <line num="19" count="9" type="stmt"/>
          <line num="20" count="9" type="cond" truecount="2" falsecount="0"/>
          <line num="22" count="8" type="stmt"/>
          <line num="23" count="8" type="stmt"/>
          <line num="24" count="8" type="stmt"/>
          <line num="27" count="7" type="stmt"/>
        </file>
      </package>
    </metrics>
  </project>
</coverage>
