{"/home/enacom/Desktop/repositories/Personal/node-api-tdd/knexfile.js": {"path":"/home/enacom/Desktop/repositories/Personal/node-api-tdd/knexfile.js","statementMap":{"0":{"start":{"line":1,"column":0},"end":{"line":31,"column":2}}},"fnMap":{},"branchMap":{},"s":{"0":7},"f":{},"b":{},"_coverageSchema":"332fd63041d2c1bcb487cc26dd0d5f7d97098a6c","hash":"1f5974eec87a10508c52daaf3ebe52368d69f911"}
,"/home/enacom/Desktop/repositories/Personal/node-api-tdd/src/app.js": {"path":"/home/enacom/Desktop/repositories/Personal/node-api-tdd/src/app.js","statementMap":{"0":{"start":{"line":1,"column":12},"end":{"line":1,"column":32}},"1":{"start":{"line":2,"column":16},"end":{"line":2,"column":34}},"2":{"start":{"line":3,"column":13},"end":{"line":3,"column":28}},"3":{"start":{"line":4,"column":16},"end":{"line":4,"column":34}},"4":{"start":{"line":5,"column":13},"end":{"line":5,"column":30}},"5":{"start":{"line":6,"column":17},"end":{"line":6,"column":39}},"6":{"start":{"line":7,"column":17},"end":{"line":7,"column":36}},"7":{"start":{"line":9,"column":0},"end":{"line":9,"column":46}},"8":{"start":{"line":11,"column":0},"end":{"line":21,"column":3}},"9":{"start":{"line":23,"column":0},"end":{"line":29,"column":13}},"10":{"start":{"line":31,"column":0},"end":{"line":31,"column":54}},"11":{"start":{"line":31,"column":37},"end":{"line":31,"column":52}},"12":{"start":{"line":33,"column":0},"end":{"line":47,"column":3}},"13":{"start":{"line":34,"column":13},"end":{"line":34,"column":19}},"14":{"start":{"line":36,"column":35},"end":{"line":36,"column":40}},"15":{"start":{"line":37,"column":2},"end":{"line":44,"column":3}},"16":{"start":{"line":37,"column":33},"end":{"line":37,"column":75}},"17":{"start":{"line":39,"column":4},"end":{"line":41,"column":7}},"18":{"start":{"line":43,"column":4},"end":{"line":43,"column":70}},"19":{"start":{"line":46,"column":2},"end":{"line":46,"column":9}},"20":{"start":{"line":49,"column":0},"end":{"line":49,"column":21}}},"fnMap":{"0":{"name":"(anonymous_0)","decl":{"start":{"line":31,"column":13},"end":{"line":31,"column":14}},"loc":{"start":{"line":31,"column":37},"end":{"line":31,"column":52}},"line":31},"1":{"name":"(anonymous_1)","decl":{"start":{"line":33,"column":8},"end":{"line":33,"column":9}},"loc":{"start":{"line":33,"column":44},"end":{"line":47,"column":1}},"line":33}},"branchMap":{"0":{"loc":{"start":{"line":37,"column":2},"end":{"line":44,"column":3}},"type":"if","locations":[{"start":{"line":37,"column":2},"end":{"line":44,"column":3}},{"start":{"line":37,"column":2},"end":{"line":44,"column":3}}],"line":37}},"s":{"0":7,"1":7,"2":7,"3":7,"4":7,"5":7,"6":7,"7":7,"8":7,"9":7,"10":7,"11":1,"12":7,"13":34,"14":34,"15":34,"16":34,"17":0,"18":0,"19":34,"20":7},"f":{"0":1,"1":34},"b":{"0":[34,0]},"_coverageSchema":"332fd63041d2c1bcb487cc26dd0d5f7d97098a6c","hash":"ff990b6ef9b9ab92e386c3b323b818431e2c1217"}
,"/home/enacom/Desktop/repositories/Personal/node-api-tdd/src/config/middlewares.js": {"path":"/home/enacom/Desktop/repositories/Personal/node-api-tdd/src/config/middlewares.js","statementMap":{"0":{"start":{"line":1,"column":19},"end":{"line":1,"column":41}},"1":{"start":{"line":4,"column":0},"end":{"line":7,"column":2}},"2":{"start":{"line":5,"column":2},"end":{"line":5,"column":29}}},"fnMap":{"0":{"name":"(anonymous_0)","decl":{"start":{"line":4,"column":17},"end":{"line":4,"column":18}},"loc":{"start":{"line":4,"column":26},"end":{"line":7,"column":1}},"line":4}},"branchMap":{},"s":{"0":7,"1":7,"2":7},"f":{"0":7},"b":{},"_coverageSchema":"332fd63041d2c1bcb487cc26dd0d5f7d97098a6c","hash":"d295c1ff16c9c353e417984ed831f5bd6f0cbf25"}
,"/home/enacom/Desktop/repositories/Personal/node-api-tdd/src/config/passport.js": {"path":"/home/enacom/Desktop/repositories/Personal/node-api-tdd/src/config/passport.js","statementMap":{"0":{"start":{"line":1,"column":17},"end":{"line":1,"column":36}},"1":{"start":{"line":2,"column":33},"end":{"line":2,"column":56}},"2":{"start":{"line":4,"column":15},"end":{"line":4,"column":31}},"3":{"start":{"line":6,"column":0},"end":{"line":28,"column":2}},"4":{"start":{"line":7,"column":17},"end":{"line":10,"column":3}},"5":{"start":{"line":12,"column":19},"end":{"line":21,"column":4}},"6":{"start":{"line":13,"column":4},"end":{"line":20,"column":5}},"7":{"start":{"line":14,"column":19},"end":{"line":14,"column":70}},"8":{"start":{"line":16,"column":6},"end":{"line":17,"column":29}},"9":{"start":{"line":16,"column":16},"end":{"line":16,"column":36}},"10":{"start":{"line":17,"column":11},"end":{"line":17,"column":29}},"11":{"start":{"line":19,"column":6},"end":{"line":19,"column":25}},"12":{"start":{"line":23,"column":2},"end":{"line":23,"column":25}},"13":{"start":{"line":25,"column":2},"end":{"line":27,"column":4}},"14":{"start":{"line":26,"column":24},"end":{"line":26,"column":72}}},"fnMap":{"0":{"name":"(anonymous_0)","decl":{"start":{"line":6,"column":17},"end":{"line":6,"column":18}},"loc":{"start":{"line":6,"column":26},"end":{"line":28,"column":1}},"line":6},"1":{"name":"(anonymous_1)","decl":{"start":{"line":12,"column":40},"end":{"line":12,"column":41}},"loc":{"start":{"line":12,"column":65},"end":{"line":21,"column":3}},"line":12},"2":{"name":"(anonymous_2)","decl":{"start":{"line":26,"column":18},"end":{"line":26,"column":19}},"loc":{"start":{"line":26,"column":24},"end":{"line":26,"column":72}},"line":26}},"branchMap":{"0":{"loc":{"start":{"line":16,"column":6},"end":{"line":17,"column":29}},"type":"if","locations":[{"start":{"line":16,"column":6},"end":{"line":17,"column":29}},{"start":{"line":16,"column":6},"end":{"line":17,"column":29}}],"line":16}},"s":{"0":7,"1":7,"2":7,"3":7,"4":7,"5":7,"6":144,"7":144,"8":144,"9":144,"10":0,"11":0,"12":7,"13":7,"14":42},"f":{"0":7,"1":144,"2":42},"b":{"0":[144,0]},"_coverageSchema":"332fd63041d2c1bcb487cc26dd0d5f7d97098a6c","hash":"5bd463e1884a6c0478df813ba36a9d702b5f1043"}
,"/home/enacom/Desktop/repositories/Personal/node-api-tdd/src/config/router.js": {"path":"/home/enacom/Desktop/repositories/Personal/node-api-tdd/src/config/router.js","statementMap":{"0":{"start":{"line":1,"column":16},"end":{"line":1,"column":34}},"1":{"start":{"line":3,"column":0},"end":{"line":15,"column":2}},"2":{"start":{"line":4,"column":2},"end":{"line":4,"column":36}},"3":{"start":{"line":6,"column":26},"end":{"line":6,"column":42}},"4":{"start":{"line":8,"column":2},"end":{"line":8,"column":86}},"5":{"start":{"line":9,"column":2},"end":{"line":9,"column":92}},"6":{"start":{"line":10,"column":2},"end":{"line":10,"column":100}},"7":{"start":{"line":11,"column":2},"end":{"line":11,"column":94}},"8":{"start":{"line":12,"column":2},"end":{"line":12,"column":90}},"9":{"start":{"line":14,"column":2},"end":{"line":14,"column":70}}},"fnMap":{"0":{"name":"(anonymous_0)","decl":{"start":{"line":3,"column":17},"end":{"line":3,"column":18}},"loc":{"start":{"line":3,"column":26},"end":{"line":15,"column":1}},"line":3}},"branchMap":{},"s":{"0":7,"1":7,"2":7,"3":7,"4":7,"5":7,"6":7,"7":7,"8":7,"9":7},"f":{"0":7},"b":{},"_coverageSchema":"332fd63041d2c1bcb487cc26dd0d5f7d97098a6c","hash":"1064482794334005b8c753e29795d7dbcacfa6c9"}
,"/home/enacom/Desktop/repositories/Personal/node-api-tdd/src/errors/index.js": {"path":"/home/enacom/Desktop/repositories/Personal/node-api-tdd/src/errors/index.js","statementMap":{"0":{"start":{"line":1,"column":0},"end":{"line":4,"column":2}},"1":{"start":{"line":2,"column":2},"end":{"line":2,"column":23}},"2":{"start":{"line":3,"column":2},"end":{"line":3,"column":23}}},"fnMap":{"0":{"name":"AppError","decl":{"start":{"line":1,"column":26},"end":{"line":1,"column":34}},"loc":{"start":{"line":1,"column":58},"end":{"line":4,"column":1}},"line":1}},"branchMap":{"0":{"loc":{"start":{"line":1,"column":44},"end":{"line":1,"column":56}},"type":"default-arg","locations":[{"start":{"line":1,"column":53},"end":{"line":1,"column":56}}],"line":1}},"s":{"0":7,"1":34,"2":34},"f":{"0":34},"b":{"0":[26]},"_coverageSchema":"332fd63041d2c1bcb487cc26dd0d5f7d97098a6c","hash":"2c055712c38462eb064eefc15a465eafcf6b60f8"}
,"/home/enacom/Desktop/repositories/Personal/node-api-tdd/src/routes/accounts.js": {"path":"/home/enacom/Desktop/repositories/Personal/node-api-tdd/src/routes/accounts.js","statementMap":{"0":{"start":{"line":1,"column":16},"end":{"line":1,"column":34}},"1":{"start":{"line":2,"column":17},"end":{"line":2,"column":37}},"2":{"start":{"line":4,"column":0},"end":{"line":62,"column":2}},"3":{"start":{"line":5,"column":17},"end":{"line":5,"column":33}},"4":{"start":{"line":7,"column":2},"end":{"line":18,"column":5}},"5":{"start":{"line":8,"column":4},"end":{"line":17,"column":37}},"6":{"start":{"line":13,"column":8},"end":{"line":15,"column":22}},"7":{"start":{"line":14,"column":10},"end":{"line":14,"column":74}},"8":{"start":{"line":15,"column":15},"end":{"line":15,"column":22}},"9":{"start":{"line":17,"column":24},"end":{"line":17,"column":35}},"10":{"start":{"line":20,"column":2},"end":{"line":29,"column":5}},"11":{"start":{"line":21,"column":4},"end":{"line":28,"column":5}},"12":{"start":{"line":22,"column":24},"end":{"line":23,"column":60}},"13":{"start":{"line":25,"column":6},"end":{"line":25,"column":48}},"14":{"start":{"line":27,"column":6},"end":{"line":27,"column":25}},"15":{"start":{"line":31,"column":2},"end":{"line":38,"column":5}},"16":{"start":{"line":32,"column":4},"end":{"line":37,"column":19}},"17":{"start":{"line":36,"column":26},"end":{"line":36,"column":61}},"18":{"start":{"line":40,"column":2},"end":{"line":45,"column":18}},"19":{"start":{"line":40,"column":74},"end":{"line":45,"column":16}},"20":{"start":{"line":44,"column":23},"end":{"line":44,"column":57}},"21":{"start":{"line":47,"column":2},"end":{"line":52,"column":5}},"22":{"start":{"line":48,"column":4},"end":{"line":51,"column":19}},"23":{"start":{"line":50,"column":27},"end":{"line":50,"column":61}},"24":{"start":{"line":54,"column":2},"end":{"line":59,"column":5}},"25":{"start":{"line":55,"column":4},"end":{"line":58,"column":19}},"26":{"start":{"line":57,"column":18},"end":{"line":57,"column":45}},"27":{"start":{"line":61,"column":2},"end":{"line":61,"column":16}}},"fnMap":{"0":{"name":"(anonymous_0)","decl":{"start":{"line":4,"column":17},"end":{"line":4,"column":18}},"loc":{"start":{"line":4,"column":26},"end":{"line":62,"column":1}},"line":4},"1":{"name":"(anonymous_1)","decl":{"start":{"line":7,"column":21},"end":{"line":7,"column":22}},"loc":{"start":{"line":7,"column":51},"end":{"line":18,"column":3}},"line":7},"2":{"name":"(anonymous_2)","decl":{"start":{"line":12,"column":12},"end":{"line":12,"column":13}},"loc":{"start":{"line":12,"column":25},"end":{"line":16,"column":7}},"line":12},"3":{"name":"(anonymous_3)","decl":{"start":{"line":17,"column":13},"end":{"line":17,"column":14}},"loc":{"start":{"line":17,"column":24},"end":{"line":17,"column":35}},"line":17},"4":{"name":"(anonymous_4)","decl":{"start":{"line":20,"column":19},"end":{"line":20,"column":20}},"loc":{"start":{"line":20,"column":54},"end":{"line":29,"column":3}},"line":20},"5":{"name":"(anonymous_5)","decl":{"start":{"line":31,"column":18},"end":{"line":31,"column":19}},"loc":{"start":{"line":31,"column":47},"end":{"line":38,"column":3}},"line":31},"6":{"name":"(anonymous_6)","decl":{"start":{"line":36,"column":12},"end":{"line":36,"column":13}},"loc":{"start":{"line":36,"column":26},"end":{"line":36,"column":61}},"line":36},"7":{"name":"(anonymous_7)","decl":{"start":{"line":40,"column":21},"end":{"line":40,"column":22}},"loc":{"start":{"line":40,"column":74},"end":{"line":45,"column":16}},"line":40},"8":{"name":"(anonymous_8)","decl":{"start":{"line":44,"column":10},"end":{"line":44,"column":11}},"loc":{"start":{"line":44,"column":23},"end":{"line":44,"column":57}},"line":44},"9":{"name":"(anonymous_9)","decl":{"start":{"line":47,"column":21},"end":{"line":47,"column":22}},"loc":{"start":{"line":47,"column":50},"end":{"line":52,"column":3}},"line":47},"10":{"name":"(anonymous_10)","decl":{"start":{"line":50,"column":12},"end":{"line":50,"column":13}},"loc":{"start":{"line":50,"column":27},"end":{"line":50,"column":61}},"line":50},"11":{"name":"(anonymous_11)","decl":{"start":{"line":54,"column":24},"end":{"line":54,"column":25}},"loc":{"start":{"line":54,"column":53},"end":{"line":59,"column":3}},"line":54},"12":{"name":"(anonymous_12)","decl":{"start":{"line":57,"column":12},"end":{"line":57,"column":13}},"loc":{"start":{"line":57,"column":18},"end":{"line":57,"column":45}},"line":57}},"branchMap":{"0":{"loc":{"start":{"line":13,"column":8},"end":{"line":15,"column":22}},"type":"if","locations":[{"start":{"line":13,"column":8},"end":{"line":15,"column":22}},{"start":{"line":13,"column":8},"end":{"line":15,"column":22}}],"line":13},"1":{"loc":{"start":{"line":13,"column":12},"end":{"line":13,"column":58}},"type":"binary-expr","locations":[{"start":{"line":13,"column":12},"end":{"line":13,"column":19}},{"start":{"line":13,"column":23},"end":{"line":13,"column":58}}],"line":13}},"s":{"0":7,"1":7,"2":7,"3":7,"4":7,"5":7,"6":7,"7":3,"8":4,"9":3,"10":7,"11":3,"12":3,"13":1,"14":2,"15":7,"16":1,"17":1,"18":7,"19":1,"20":0,"21":7,"22":1,"23":1,"24":7,"25":2,"26":1,"27":7},"f":{"0":7,"1":7,"2":7,"3":3,"4":3,"5":1,"6":1,"7":1,"8":0,"9":1,"10":1,"11":2,"12":1},"b":{"0":[3,4],"1":[7,6]},"_coverageSchema":"332fd63041d2c1bcb487cc26dd0d5f7d97098a6c","hash":"9eb78b52b6fcde56b7ebf2659287129faec81b7d"}
,"/home/enacom/Desktop/repositories/Personal/node-api-tdd/src/routes/auth.js": {"path":"/home/enacom/Desktop/repositories/Personal/node-api-tdd/src/routes/auth.js","statementMap":{"0":{"start":{"line":2,"column":16},"end":{"line":2,"column":34}},"1":{"start":{"line":3,"column":12},"end":{"line":3,"column":33}},"2":{"start":{"line":4,"column":15},"end":{"line":4,"column":39}},"3":{"start":{"line":6,"column":15},"end":{"line":6,"column":31}},"4":{"start":{"line":8,"column":0},"end":{"line":43,"column":2}},"5":{"start":{"line":9,"column":17},"end":{"line":9,"column":33}},"6":{"start":{"line":11,"column":2},"end":{"line":31,"column":5}},"7":{"start":{"line":12,"column":4},"end":{"line":30,"column":5}},"8":{"start":{"line":13,"column":19},"end":{"line":13,"column":60}},"9":{"start":{"line":15,"column":6},"end":{"line":25,"column":7}},"10":{"start":{"line":16,"column":24},"end":{"line":20,"column":9}},"11":{"start":{"line":22,"column":22},"end":{"line":22,"column":49}},"12":{"start":{"line":24,"column":8},"end":{"line":24,"column":52}},"13":{"start":{"line":27,"column":6},"end":{"line":27,"column":41}},"14":{"start":{"line":29,"column":6},"end":{"line":29,"column":18}},"15":{"start":{"line":33,"column":2},"end":{"line":40,"column":5}},"16":{"start":{"line":34,"column":4},"end":{"line":39,"column":5}},"17":{"start":{"line":35,"column":21},"end":{"line":35,"column":63}},"18":{"start":{"line":36,"column":6},"end":{"line":36,"column":50}},"19":{"start":{"line":38,"column":6},"end":{"line":38,"column":25}},"20":{"start":{"line":42,"column":2},"end":{"line":42,"column":16}}},"fnMap":{"0":{"name":"(anonymous_0)","decl":{"start":{"line":8,"column":17},"end":{"line":8,"column":18}},"loc":{"start":{"line":8,"column":26},"end":{"line":43,"column":1}},"line":8},"1":{"name":"(anonymous_1)","decl":{"start":{"line":11,"column":25},"end":{"line":11,"column":26}},"loc":{"start":{"line":11,"column":81},"end":{"line":31,"column":3}},"line":11},"2":{"name":"(anonymous_2)","decl":{"start":{"line":33,"column":25},"end":{"line":33,"column":26}},"loc":{"start":{"line":33,"column":60},"end":{"line":40,"column":3}},"line":33}},"branchMap":{"0":{"loc":{"start":{"line":15,"column":6},"end":{"line":25,"column":7}},"type":"if","locations":[{"start":{"line":15,"column":6},"end":{"line":25,"column":7}},{"start":{"line":15,"column":6},"end":{"line":25,"column":7}}],"line":15},"1":{"loc":{"start":{"line":15,"column":10},"end":{"line":15,"column":61}},"type":"binary-expr","locations":[{"start":{"line":15,"column":10},"end":{"line":15,"column":14}},{"start":{"line":15,"column":18},"end":{"line":15,"column":61}}],"line":15}},"s":{"0":7,"1":7,"2":7,"3":7,"4":7,"5":7,"6":7,"7":3,"8":3,"9":3,"10":1,"11":1,"12":1,"13":2,"14":0,"15":7,"16":1,"17":1,"18":1,"19":0,"20":7},"f":{"0":7,"1":3,"2":1},"b":{"0":[1,2],"1":[3,2]},"_coverageSchema":"332fd63041d2c1bcb487cc26dd0d5f7d97098a6c","hash":"3a51b8a8bb6952dba0f8116df77c856a23d5a035"}
,"/home/enacom/Desktop/repositories/Personal/node-api-tdd/src/routes/balance.js": {"path":"/home/enacom/Desktop/repositories/Personal/node-api-tdd/src/routes/balance.js","statementMap":{"0":{"start":{"line":2,"column":16},"end":{"line":2,"column":34}},"1":{"start":{"line":4,"column":0},"end":{"line":17,"column":2}},"2":{"start":{"line":5,"column":17},"end":{"line":5,"column":33}},"3":{"start":{"line":7,"column":2},"end":{"line":14,"column":5}},"4":{"start":{"line":8,"column":4},"end":{"line":13,"column":5}},"5":{"start":{"line":9,"column":22},"end":{"line":9,"column":76}},"6":{"start":{"line":10,"column":6},"end":{"line":10,"column":36}},"7":{"start":{"line":12,"column":6},"end":{"line":12,"column":18}},"8":{"start":{"line":16,"column":2},"end":{"line":16,"column":16}}},"fnMap":{"0":{"name":"(anonymous_0)","decl":{"start":{"line":4,"column":17},"end":{"line":4,"column":18}},"loc":{"start":{"line":4,"column":26},"end":{"line":17,"column":1}},"line":4},"1":{"name":"(anonymous_1)","decl":{"start":{"line":7,"column":18},"end":{"line":7,"column":19}},"loc":{"start":{"line":7,"column":53},"end":{"line":14,"column":3}},"line":7}},"branchMap":{},"s":{"0":7,"1":7,"2":7,"3":7,"4":10,"5":10,"6":10,"7":0,"8":7},"f":{"0":7,"1":10},"b":{},"_coverageSchema":"332fd63041d2c1bcb487cc26dd0d5f7d97098a6c","hash":"8e555d3a3c98e181dfb07b89f0199125f7e251e0"}
,"/home/enacom/Desktop/repositories/Personal/node-api-tdd/src/routes/transactions.js": {"path":"/home/enacom/Desktop/repositories/Personal/node-api-tdd/src/routes/transactions.js","statementMap":{"0":{"start":{"line":1,"column":16},"end":{"line":1,"column":34}},"1":{"start":{"line":2,"column":17},"end":{"line":2,"column":37}},"2":{"start":{"line":4,"column":0},"end":{"line":54,"column":2}},"3":{"start":{"line":5,"column":17},"end":{"line":5,"column":33}},"4":{"start":{"line":7,"column":2},"end":{"line":16,"column":5}},"5":{"start":{"line":8,"column":4},"end":{"line":15,"column":5}},"6":{"start":{"line":9,"column":26},"end":{"line":9,"column":108}},"7":{"start":{"line":11,"column":6},"end":{"line":12,"column":18}},"8":{"start":{"line":11,"column":31},"end":{"line":11,"column":95}},"9":{"start":{"line":12,"column":11},"end":{"line":12,"column":18}},"10":{"start":{"line":14,"column":6},"end":{"line":14,"column":18}},"11":{"start":{"line":18,"column":2},"end":{"line":23,"column":18}},"12":{"start":{"line":18,"column":47},"end":{"line":23,"column":16}},"13":{"start":{"line":22,"column":28},"end":{"line":22,"column":55}},"14":{"start":{"line":25,"column":2},"end":{"line":30,"column":18}},"15":{"start":{"line":25,"column":48},"end":{"line":30,"column":16}},"16":{"start":{"line":29,"column":28},"end":{"line":29,"column":67}},"17":{"start":{"line":32,"column":2},"end":{"line":37,"column":18}},"18":{"start":{"line":32,"column":61},"end":{"line":37,"column":16}},"19":{"start":{"line":36,"column":27},"end":{"line":36,"column":65}},"20":{"start":{"line":39,"column":2},"end":{"line":44,"column":18}},"21":{"start":{"line":39,"column":67},"end":{"line":44,"column":16}},"22":{"start":{"line":43,"column":27},"end":{"line":43,"column":68}},"23":{"start":{"line":46,"column":2},"end":{"line":51,"column":18}},"24":{"start":{"line":46,"column":64},"end":{"line":51,"column":16}},"25":{"start":{"line":50,"column":16},"end":{"line":50,"column":42}},"26":{"start":{"line":53,"column":2},"end":{"line":53,"column":16}}},"fnMap":{"0":{"name":"(anonymous_0)","decl":{"start":{"line":4,"column":17},"end":{"line":4,"column":18}},"loc":{"start":{"line":4,"column":26},"end":{"line":54,"column":1}},"line":4},"1":{"name":"(anonymous_1)","decl":{"start":{"line":7,"column":21},"end":{"line":7,"column":22}},"loc":{"start":{"line":7,"column":104},"end":{"line":16,"column":3}},"line":7},"2":{"name":"(anonymous_2)","decl":{"start":{"line":18,"column":18},"end":{"line":18,"column":19}},"loc":{"start":{"line":18,"column":47},"end":{"line":23,"column":16}},"line":18},"3":{"name":"(anonymous_3)","decl":{"start":{"line":22,"column":10},"end":{"line":22,"column":11}},"loc":{"start":{"line":22,"column":28},"end":{"line":22,"column":55}},"line":22},"4":{"name":"(anonymous_4)","decl":{"start":{"line":25,"column":19},"end":{"line":25,"column":20}},"loc":{"start":{"line":25,"column":48},"end":{"line":30,"column":16}},"line":25},"5":{"name":"(anonymous_5)","decl":{"start":{"line":29,"column":10},"end":{"line":29,"column":11}},"loc":{"start":{"line":29,"column":28},"end":{"line":29,"column":67}},"line":29},"6":{"name":"(anonymous_6)","decl":{"start":{"line":32,"column":21},"end":{"line":32,"column":22}},"loc":{"start":{"line":32,"column":61},"end":{"line":37,"column":16}},"line":32},"7":{"name":"(anonymous_7)","decl":{"start":{"line":36,"column":10},"end":{"line":36,"column":11}},"loc":{"start":{"line":36,"column":27},"end":{"line":36,"column":65}},"line":36},"8":{"name":"(anonymous_8)","decl":{"start":{"line":39,"column":21},"end":{"line":39,"column":22}},"loc":{"start":{"line":39,"column":67},"end":{"line":44,"column":16}},"line":39},"9":{"name":"(anonymous_9)","decl":{"start":{"line":43,"column":10},"end":{"line":43,"column":11}},"loc":{"start":{"line":43,"column":27},"end":{"line":43,"column":68}},"line":43},"10":{"name":"(anonymous_10)","decl":{"start":{"line":46,"column":24},"end":{"line":46,"column":25}},"loc":{"start":{"line":46,"column":64},"end":{"line":51,"column":16}},"line":46},"11":{"name":"(anonymous_11)","decl":{"start":{"line":50,"column":10},"end":{"line":50,"column":11}},"loc":{"start":{"line":50,"column":16},"end":{"line":50,"column":42}},"line":50}},"branchMap":{"0":{"loc":{"start":{"line":11,"column":6},"end":{"line":12,"column":18}},"type":"if","locations":[{"start":{"line":11,"column":6},"end":{"line":12,"column":18}},{"start":{"line":11,"column":6},"end":{"line":12,"column":18}}],"line":11}},"s":{"0":7,"1":7,"2":7,"3":7,"4":7,"5":6,"6":6,"7":6,"8":3,"9":3,"10":3,"11":7,"12":1,"13":1,"14":7,"15":15,"16":10,"17":7,"18":1,"19":1,"20":7,"21":1,"22":1,"23":7,"24":1,"25":1,"26":7},"f":{"0":7,"1":6,"2":1,"3":1,"4":15,"5":10,"6":1,"7":1,"8":1,"9":1,"10":1,"11":1},"b":{"0":[3,3]},"_coverageSchema":"332fd63041d2c1bcb487cc26dd0d5f7d97098a6c","hash":"43dcd64ef3216631ab9d833db96be4dc534145f8"}
,"/home/enacom/Desktop/repositories/Personal/node-api-tdd/src/routes/transfers.js": {"path":"/home/enacom/Desktop/repositories/Personal/node-api-tdd/src/routes/transfers.js","statementMap":{"0":{"start":{"line":2,"column":16},"end":{"line":2,"column":34}},"1":{"start":{"line":3,"column":17},"end":{"line":3,"column":37}},"2":{"start":{"line":5,"column":0},"end":{"line":95,"column":2}},"3":{"start":{"line":6,"column":17},"end":{"line":6,"column":33}},"4":{"start":{"line":8,"column":2},"end":{"line":21,"column":5}},"5":{"start":{"line":9,"column":4},"end":{"line":20,"column":5}},"6":{"start":{"line":10,"column":23},"end":{"line":13,"column":43}},"7":{"start":{"line":15,"column":6},"end":{"line":15,"column":112}},"8":{"start":{"line":15,"column":48},"end":{"line":15,"column":112}},"9":{"start":{"line":17,"column":6},"end":{"line":17,"column":13}},"10":{"start":{"line":19,"column":6},"end":{"line":19,"column":18}},"11":{"start":{"line":23,"column":21},"end":{"line":27,"column":3}},"12":{"start":{"line":24,"column":4},"end":{"line":26,"column":37}},"13":{"start":{"line":25,"column":18},"end":{"line":25,"column":24}},"14":{"start":{"line":26,"column":24},"end":{"line":26,"column":35}},"15":{"start":{"line":29,"column":2},"end":{"line":40,"column":5}},"16":{"start":{"line":30,"column":4},"end":{"line":39,"column":5}},"17":{"start":{"line":31,"column":24},"end":{"line":34,"column":43}},"18":{"start":{"line":36,"column":6},"end":{"line":36,"column":38}},"19":{"start":{"line":38,"column":6},"end":{"line":38,"column":18}},"20":{"start":{"line":42,"column":2},"end":{"line":53,"column":5}},"21":{"start":{"line":43,"column":4},"end":{"line":52,"column":5}},"22":{"start":{"line":44,"column":23},"end":{"line":47,"column":24}},"23":{"start":{"line":49,"column":6},"end":{"line":49,"column":37}},"24":{"start":{"line":51,"column":6},"end":{"line":51,"column":18}},"25":{"start":{"line":55,"column":2},"end":{"line":66,"column":5}},"26":{"start":{"line":56,"column":4},"end":{"line":65,"column":5}},"27":{"start":{"line":57,"column":23},"end":{"line":60,"column":43}},"28":{"start":{"line":62,"column":6},"end":{"line":62,"column":49}},"29":{"start":{"line":64,"column":6},"end":{"line":64,"column":18}},"30":{"start":{"line":68,"column":2},"end":{"line":79,"column":5}},"31":{"start":{"line":69,"column":4},"end":{"line":78,"column":5}},"32":{"start":{"line":70,"column":23},"end":{"line":73,"column":67}},"33":{"start":{"line":75,"column":6},"end":{"line":75,"column":49}},"34":{"start":{"line":77,"column":6},"end":{"line":77,"column":18}},"35":{"start":{"line":81,"column":2},"end":{"line":92,"column":5}},"36":{"start":{"line":82,"column":4},"end":{"line":91,"column":5}},"37":{"start":{"line":83,"column":6},"end":{"line":86,"column":32}},"38":{"start":{"line":88,"column":6},"end":{"line":88,"column":40}},"39":{"start":{"line":90,"column":6},"end":{"line":90,"column":18}},"40":{"start":{"line":94,"column":2},"end":{"line":94,"column":16}}},"fnMap":{"0":{"name":"(anonymous_0)","decl":{"start":{"line":5,"column":17},"end":{"line":5,"column":18}},"loc":{"start":{"line":5,"column":26},"end":{"line":95,"column":1}},"line":5},"1":{"name":"(anonymous_1)","decl":{"start":{"line":8,"column":21},"end":{"line":8,"column":22}},"loc":{"start":{"line":8,"column":57},"end":{"line":21,"column":3}},"line":8},"2":{"name":"(anonymous_2)","decl":{"start":{"line":23,"column":21},"end":{"line":23,"column":22}},"loc":{"start":{"line":23,"column":58},"end":{"line":27,"column":3}},"line":23},"3":{"name":"(anonymous_3)","decl":{"start":{"line":25,"column":12},"end":{"line":25,"column":13}},"loc":{"start":{"line":25,"column":18},"end":{"line":25,"column":24}},"line":25},"4":{"name":"(anonymous_4)","decl":{"start":{"line":26,"column":13},"end":{"line":26,"column":14}},"loc":{"start":{"line":26,"column":24},"end":{"line":26,"column":35}},"line":26},"5":{"name":"(anonymous_5)","decl":{"start":{"line":29,"column":18},"end":{"line":29,"column":19}},"loc":{"start":{"line":29,"column":53},"end":{"line":40,"column":3}},"line":29},"6":{"name":"(anonymous_6)","decl":{"start":{"line":42,"column":21},"end":{"line":42,"column":22}},"loc":{"start":{"line":42,"column":67},"end":{"line":53,"column":3}},"line":42},"7":{"name":"(anonymous_7)","decl":{"start":{"line":55,"column":31},"end":{"line":55,"column":32}},"loc":{"start":{"line":55,"column":89},"end":{"line":66,"column":3}},"line":55},"8":{"name":"(anonymous_8)","decl":{"start":{"line":68,"column":33},"end":{"line":68,"column":34}},"loc":{"start":{"line":68,"column":107},"end":{"line":79,"column":3}},"line":68},"9":{"name":"(anonymous_9)","decl":{"start":{"line":81,"column":24},"end":{"line":81,"column":25}},"loc":{"start":{"line":81,"column":92},"end":{"line":92,"column":3}},"line":81}},"branchMap":{"0":{"loc":{"start":{"line":15,"column":6},"end":{"line":15,"column":112}},"type":"if","locations":[{"start":{"line":15,"column":6},"end":{"line":15,"column":112}},{"start":{"line":15,"column":6},"end":{"line":15,"column":112}}],"line":15}},"s":{"0":7,"1":7,"2":7,"3":7,"4":7,"5":11,"6":11,"7":11,"8":1,"9":10,"10":1,"11":7,"12":18,"13":4,"14":14,"15":7,"16":1,"17":1,"18":1,"19":0,"20":7,"21":1,"22":1,"23":1,"24":0,"25":7,"26":3,"27":3,"28":3,"29":0,"30":7,"31":1,"32":1,"33":1,"34":0,"35":7,"36":1,"37":1,"38":1,"39":0,"40":7},"f":{"0":7,"1":11,"2":18,"3":4,"4":14,"5":1,"6":1,"7":3,"8":1,"9":1},"b":{"0":[1,10]},"_coverageSchema":"332fd63041d2c1bcb487cc26dd0d5f7d97098a6c","hash":"cdaab5ed4c0d8a72b5618a15d229c79554dfc83f"}
,"/home/enacom/Desktop/repositories/Personal/node-api-tdd/src/routes/users.js": {"path":"/home/enacom/Desktop/repositories/Personal/node-api-tdd/src/routes/users.js","statementMap":{"0":{"start":{"line":1,"column":16},"end":{"line":1,"column":34}},"1":{"start":{"line":3,"column":0},"end":{"line":24,"column":2}},"2":{"start":{"line":4,"column":17},"end":{"line":4,"column":33}},"3":{"start":{"line":5,"column":2},"end":{"line":12,"column":5}},"4":{"start":{"line":6,"column":4},"end":{"line":11,"column":19}},"5":{"start":{"line":10,"column":23},"end":{"line":10,"column":43}},"6":{"start":{"line":14,"column":2},"end":{"line":21,"column":5}},"7":{"start":{"line":15,"column":4},"end":{"line":20,"column":5}},"8":{"start":{"line":16,"column":21},"end":{"line":16,"column":63}},"9":{"start":{"line":17,"column":6},"end":{"line":17,"column":50}},"10":{"start":{"line":19,"column":6},"end":{"line":19,"column":25}},"11":{"start":{"line":23,"column":2},"end":{"line":23,"column":16}}},"fnMap":{"0":{"name":"(anonymous_0)","decl":{"start":{"line":3,"column":17},"end":{"line":3,"column":18}},"loc":{"start":{"line":3,"column":26},"end":{"line":24,"column":1}},"line":3},"1":{"name":"(anonymous_1)","decl":{"start":{"line":5,"column":18},"end":{"line":5,"column":19}},"loc":{"start":{"line":5,"column":48},"end":{"line":12,"column":3}},"line":5},"2":{"name":"(anonymous_2)","decl":{"start":{"line":10,"column":12},"end":{"line":10,"column":13}},"loc":{"start":{"line":10,"column":23},"end":{"line":10,"column":43}},"line":10},"3":{"name":"(anonymous_3)","decl":{"start":{"line":14,"column":19},"end":{"line":14,"column":20}},"loc":{"start":{"line":14,"column":54},"end":{"line":21,"column":3}},"line":14}},"branchMap":{},"s":{"0":7,"1":7,"2":7,"3":7,"4":1,"5":1,"6":7,"7":6,"8":6,"9":2,"10":4,"11":7},"f":{"0":7,"1":1,"2":1,"3":6},"b":{},"_coverageSchema":"332fd63041d2c1bcb487cc26dd0d5f7d97098a6c","hash":"0ad8bece62d0775d86473f9c50669e267539a8f5"}
,"/home/enacom/Desktop/repositories/Personal/node-api-tdd/src/seeds/01_transfer.js": {"path":"/home/enacom/Desktop/repositories/Personal/node-api-tdd/src/seeds/01_transfer.js","statementMap":{"0":{"start":{"line":1,"column":0},"end":{"line":84,"column":2}},"1":{"start":{"line":2,"column":2},"end":{"line":2,"column":35}},"2":{"start":{"line":3,"column":2},"end":{"line":3,"column":32}},"3":{"start":{"line":4,"column":2},"end":{"line":4,"column":31}},"4":{"start":{"line":5,"column":2},"end":{"line":5,"column":28}},"5":{"start":{"line":7,"column":2},"end":{"line":20,"column":5}},"6":{"start":{"line":22,"column":2},"end":{"line":27,"column":5}},"7":{"start":{"line":29,"column":2},"end":{"line":48,"column":5}},"8":{"start":{"line":50,"column":2},"end":{"line":83,"column":5}}},"fnMap":{"0":{"name":"(anonymous_0)","decl":{"start":{"line":1,"column":15},"end":{"line":1,"column":16}},"loc":{"start":{"line":1,"column":31},"end":{"line":84,"column":1}},"line":1}},"branchMap":{},"s":{"0":2,"1":2,"2":2,"3":2,"4":2,"5":2,"6":2,"7":2,"8":2},"f":{"0":2},"b":{},"_coverageSchema":"332fd63041d2c1bcb487cc26dd0d5f7d97098a6c","hash":"6c56515e32418c2145f497a1b4051f1918ba1a69"}
,"/home/enacom/Desktop/repositories/Personal/node-api-tdd/src/seeds/02_balance.js": {"path":"/home/enacom/Desktop/repositories/Personal/node-api-tdd/src/seeds/02_balance.js","statementMap":{"0":{"start":{"line":1,"column":15},"end":{"line":1,"column":32}},"1":{"start":{"line":3,"column":0},"end":{"line":145,"column":2}},"2":{"start":{"line":4,"column":2},"end":{"line":23,"column":5}},"3":{"start":{"line":25,"column":2},"end":{"line":32,"column":5}},"4":{"start":{"line":34,"column":2},"end":{"line":53,"column":5}},"5":{"start":{"line":55,"column":2},"end":{"line":144,"column":5}}},"fnMap":{"0":{"name":"(anonymous_0)","decl":{"start":{"line":3,"column":15},"end":{"line":3,"column":16}},"loc":{"start":{"line":3,"column":31},"end":{"line":145,"column":1}},"line":3}},"branchMap":{},"s":{"0":2,"1":2,"2":2,"3":2,"4":2,"5":2},"f":{"0":2},"b":{},"_coverageSchema":"332fd63041d2c1bcb487cc26dd0d5f7d97098a6c","hash":"604b693d8c991461493822119032a49d71c27ec4"}
,"/home/enacom/Desktop/repositories/Personal/node-api-tdd/src/services/accounts.js": {"path":"/home/enacom/Desktop/repositories/Personal/node-api-tdd/src/services/accounts.js","statementMap":{"0":{"start":{"line":1,"column":17},"end":{"line":1,"column":37}},"1":{"start":{"line":3,"column":0},"end":{"line":53,"column":2}},"2":{"start":{"line":4,"column":18},"end":{"line":5,"column":13}},"3":{"start":{"line":4,"column":24},"end":{"line":5,"column":13}},"4":{"start":{"line":7,"column":15},"end":{"line":9,"column":13}},"5":{"start":{"line":7,"column":32},"end":{"line":9,"column":13}},"6":{"start":{"line":11,"column":18},"end":{"line":14,"column":12}},"7":{"start":{"line":11,"column":35},"end":{"line":14,"column":12}},"8":{"start":{"line":16,"column":19},"end":{"line":23,"column":3}},"9":{"start":{"line":17,"column":16},"end":{"line":19,"column":14}},"10":{"start":{"line":21,"column":4},"end":{"line":21,"column":63}},"11":{"start":{"line":21,"column":14},"end":{"line":21,"column":63}},"12":{"start":{"line":22,"column":4},"end":{"line":22,"column":96}},"13":{"start":{"line":22,"column":32},"end":{"line":22,"column":96}},"14":{"start":{"line":25,"column":15},"end":{"line":35,"column":3}},"15":{"start":{"line":26,"column":38},"end":{"line":26,"column":45}},"16":{"start":{"line":28,"column":4},"end":{"line":28,"column":68}},"17":{"start":{"line":28,"column":15},"end":{"line":28,"column":68}},"18":{"start":{"line":30,"column":18},"end":{"line":30,"column":55}},"19":{"start":{"line":31,"column":4},"end":{"line":31,"column":97}},"20":{"start":{"line":31,"column":13},"end":{"line":31,"column":97}},"21":{"start":{"line":33,"column":4},"end":{"line":34,"column":28}},"22":{"start":{"line":37,"column":17},"end":{"line":39,"column":22}},"23":{"start":{"line":37,"column":35},"end":{"line":39,"column":22}},"24":{"start":{"line":41,"column":17},"end":{"line":48,"column":3}},"25":{"start":{"line":42,"column":24},"end":{"line":42,"column":79}},"26":{"start":{"line":43,"column":4},"end":{"line":43,"column":97}},"27":{"start":{"line":43,"column":21},"end":{"line":43,"column":97}},"28":{"start":{"line":45,"column":4},"end":{"line":47,"column":13}},"29":{"start":{"line":50,"column":2},"end":{"line":52,"column":4}}},"fnMap":{"0":{"name":"(anonymous_0)","decl":{"start":{"line":3,"column":17},"end":{"line":3,"column":18}},"loc":{"start":{"line":3,"column":26},"end":{"line":53,"column":1}},"line":3},"1":{"name":"(anonymous_1)","decl":{"start":{"line":4,"column":18},"end":{"line":4,"column":19}},"loc":{"start":{"line":4,"column":24},"end":{"line":5,"column":13}},"line":4},"2":{"name":"(anonymous_2)","decl":{"start":{"line":7,"column":15},"end":{"line":7,"column":16}},"loc":{"start":{"line":7,"column":32},"end":{"line":9,"column":13}},"line":7},"3":{"name":"(anonymous_3)","decl":{"start":{"line":11,"column":18},"end":{"line":11,"column":19}},"loc":{"start":{"line":11,"column":35},"end":{"line":14,"column":12}},"line":11},"4":{"name":"(anonymous_4)","decl":{"start":{"line":16,"column":19},"end":{"line":16,"column":20}},"loc":{"start":{"line":16,"column":41},"end":{"line":23,"column":3}},"line":16},"5":{"name":"(anonymous_5)","decl":{"start":{"line":25,"column":15},"end":{"line":25,"column":16}},"loc":{"start":{"line":25,"column":34},"end":{"line":35,"column":3}},"line":25},"6":{"name":"(anonymous_6)","decl":{"start":{"line":37,"column":17},"end":{"line":37,"column":18}},"loc":{"start":{"line":37,"column":35},"end":{"line":39,"column":22}},"line":37},"7":{"name":"(anonymous_7)","decl":{"start":{"line":41,"column":17},"end":{"line":41,"column":18}},"loc":{"start":{"line":41,"column":31},"end":{"line":48,"column":3}},"line":41}},"branchMap":{"0":{"loc":{"start":{"line":7,"column":16},"end":{"line":7,"column":27}},"type":"default-arg","locations":[{"start":{"line":7,"column":25},"end":{"line":7,"column":27}}],"line":7},"1":{"loc":{"start":{"line":11,"column":19},"end":{"line":11,"column":30}},"type":"default-arg","locations":[{"start":{"line":11,"column":28},"end":{"line":11,"column":30}}],"line":11},"2":{"loc":{"start":{"line":21,"column":4},"end":{"line":21,"column":63}},"type":"if","locations":[{"start":{"line":21,"column":4},"end":{"line":21,"column":63}},{"start":{"line":21,"column":4},"end":{"line":21,"column":63}}],"line":21},"3":{"loc":{"start":{"line":22,"column":4},"end":{"line":22,"column":96}},"type":"if","locations":[{"start":{"line":22,"column":4},"end":{"line":22,"column":96}},{"start":{"line":22,"column":4},"end":{"line":22,"column":96}}],"line":22},"4":{"loc":{"start":{"line":28,"column":4},"end":{"line":28,"column":68}},"type":"if","locations":[{"start":{"line":28,"column":4},"end":{"line":28,"column":68}},{"start":{"line":28,"column":4},"end":{"line":28,"column":68}}],"line":28},"5":{"loc":{"start":{"line":31,"column":4},"end":{"line":31,"column":97}},"type":"if","locations":[{"start":{"line":31,"column":4},"end":{"line":31,"column":97}},{"start":{"line":31,"column":4},"end":{"line":31,"column":97}}],"line":31},"6":{"loc":{"start":{"line":43,"column":4},"end":{"line":43,"column":97}},"type":"if","locations":[{"start":{"line":43,"column":4},"end":{"line":43,"column":97}},{"start":{"line":43,"column":4},"end":{"line":43,"column":97}}],"line":43}},"s":{"0":7,"1":7,"2":7,"3":0,"4":7,"5":3,"6":7,"7":13,"8":7,"9":1,"10":1,"11":1,"12":0,"13":0,"14":7,"15":3,"16":3,"17":1,"18":2,"19":2,"20":1,"21":1,"22":7,"23":1,"24":7,"25":2,"26":2,"27":1,"28":1,"29":7},"f":{"0":7,"1":0,"2":3,"3":13,"4":1,"5":3,"6":1,"7":2},"b":{"0":[0],"1":[0],"2":[1,0],"3":[0,0],"4":[1,2],"5":[1,1],"6":[1,1]},"_coverageSchema":"332fd63041d2c1bcb487cc26dd0d5f7d97098a6c","hash":"2d14291bf82f66c57eabab5e14a8ad78606ba251"}
,"/home/enacom/Desktop/repositories/Personal/node-api-tdd/src/services/balance.js": {"path":"/home/enacom/Desktop/repositories/Personal/node-api-tdd/src/services/balance.js","statementMap":{"0":{"start":{"line":1,"column":0},"end":{"line":13,"column":2}},"1":{"start":{"line":2,"column":21},"end":{"line":10,"column":22}},"2":{"start":{"line":2,"column":39},"end":{"line":10,"column":22}},"3":{"start":{"line":12,"column":2},"end":{"line":12,"column":24}}},"fnMap":{"0":{"name":"(anonymous_0)","decl":{"start":{"line":1,"column":17},"end":{"line":1,"column":18}},"loc":{"start":{"line":1,"column":26},"end":{"line":13,"column":1}},"line":1},"1":{"name":"(anonymous_1)","decl":{"start":{"line":2,"column":21},"end":{"line":2,"column":22}},"loc":{"start":{"line":2,"column":39},"end":{"line":10,"column":22}},"line":2}},"branchMap":{},"s":{"0":7,"1":7,"2":10,"3":7},"f":{"0":7,"1":10},"b":{},"_coverageSchema":"332fd63041d2c1bcb487cc26dd0d5f7d97098a6c","hash":"617a8812140c340d571cf5c2ea0cc95530c18dc9"}
,"/home/enacom/Desktop/repositories/Personal/node-api-tdd/src/services/transactions.js": {"path":"/home/enacom/Desktop/repositories/Personal/node-api-tdd/src/services/transactions.js","statementMap":{"0":{"start":{"line":1,"column":17},"end":{"line":1,"column":37}},"1":{"start":{"line":3,"column":0},"end":{"line":50,"column":2}},"2":{"start":{"line":4,"column":15},"end":{"line":9,"column":13}},"3":{"start":{"line":4,"column":40},"end":{"line":9,"column":13}},"4":{"start":{"line":11,"column":18},"end":{"line":14,"column":12}},"5":{"start":{"line":11,"column":35},"end":{"line":14,"column":12}},"6":{"start":{"line":16,"column":15},"end":{"line":35,"column":3}},"7":{"start":{"line":19,"column":8},"end":{"line":19,"column":19}},"8":{"start":{"line":21,"column":4},"end":{"line":21,"column":82}},"9":{"start":{"line":21,"column":22},"end":{"line":21,"column":82}},"10":{"start":{"line":22,"column":4},"end":{"line":22,"column":68}},"11":{"start":{"line":22,"column":15},"end":{"line":22,"column":68}},"12":{"start":{"line":23,"column":4},"end":{"line":23,"column":72}},"13":{"start":{"line":23,"column":17},"end":{"line":23,"column":72}},"14":{"start":{"line":24,"column":4},"end":{"line":24,"column":68}},"15":{"start":{"line":24,"column":15},"end":{"line":24,"column":68}},"16":{"start":{"line":25,"column":4},"end":{"line":25,"column":89}},"17":{"start":{"line":25,"column":36},"end":{"line":25,"column":89}},"18":{"start":{"line":27,"column":27},"end":{"line":27,"column":45}},"19":{"start":{"line":29,"column":4},"end":{"line":30,"column":91}},"20":{"start":{"line":30,"column":63},"end":{"line":30,"column":91}},"21":{"start":{"line":32,"column":4},"end":{"line":34,"column":35}},"22":{"start":{"line":37,"column":17},"end":{"line":40,"column":29}},"23":{"start":{"line":37,"column":38},"end":{"line":40,"column":29}},"24":{"start":{"line":42,"column":17},"end":{"line":45,"column":10}},"25":{"start":{"line":42,"column":25},"end":{"line":45,"column":10}},"26":{"start":{"line":47,"column":2},"end":{"line":49,"column":4}}},"fnMap":{"0":{"name":"(anonymous_0)","decl":{"start":{"line":3,"column":17},"end":{"line":3,"column":18}},"loc":{"start":{"line":3,"column":26},"end":{"line":50,"column":1}},"line":3},"1":{"name":"(anonymous_1)","decl":{"start":{"line":4,"column":15},"end":{"line":4,"column":16}},"loc":{"start":{"line":4,"column":40},"end":{"line":9,"column":13}},"line":4},"2":{"name":"(anonymous_2)","decl":{"start":{"line":11,"column":18},"end":{"line":11,"column":19}},"loc":{"start":{"line":11,"column":35},"end":{"line":14,"column":12}},"line":11},"3":{"name":"(anonymous_3)","decl":{"start":{"line":16,"column":15},"end":{"line":16,"column":16}},"loc":{"start":{"line":16,"column":32},"end":{"line":35,"column":3}},"line":16},"4":{"name":"(anonymous_4)","decl":{"start":{"line":37,"column":17},"end":{"line":37,"column":18}},"loc":{"start":{"line":37,"column":38},"end":{"line":40,"column":29}},"line":37},"5":{"name":"(anonymous_5)","decl":{"start":{"line":42,"column":17},"end":{"line":42,"column":18}},"loc":{"start":{"line":42,"column":25},"end":{"line":45,"column":10}},"line":42}},"branchMap":{"0":{"loc":{"start":{"line":4,"column":24},"end":{"line":4,"column":35}},"type":"default-arg","locations":[{"start":{"line":4,"column":33},"end":{"line":4,"column":35}}],"line":4},"1":{"loc":{"start":{"line":11,"column":19},"end":{"line":11,"column":30}},"type":"default-arg","locations":[{"start":{"line":11,"column":28},"end":{"line":11,"column":30}}],"line":11},"2":{"loc":{"start":{"line":21,"column":4},"end":{"line":21,"column":82}},"type":"if","locations":[{"start":{"line":21,"column":4},"end":{"line":21,"column":82}},{"start":{"line":21,"column":4},"end":{"line":21,"column":82}}],"line":21},"3":{"loc":{"start":{"line":22,"column":4},"end":{"line":22,"column":68}},"type":"if","locations":[{"start":{"line":22,"column":4},"end":{"line":22,"column":68}},{"start":{"line":22,"column":4},"end":{"line":22,"column":68}}],"line":22},"4":{"loc":{"start":{"line":23,"column":4},"end":{"line":23,"column":72}},"type":"if","locations":[{"start":{"line":23,"column":4},"end":{"line":23,"column":72}},{"start":{"line":23,"column":4},"end":{"line":23,"column":72}}],"line":23},"5":{"loc":{"start":{"line":24,"column":4},"end":{"line":24,"column":68}},"type":"if","locations":[{"start":{"line":24,"column":4},"end":{"line":24,"column":68}},{"start":{"line":24,"column":4},"end":{"line":24,"column":68}}],"line":24},"6":{"loc":{"start":{"line":25,"column":4},"end":{"line":25,"column":89}},"type":"if","locations":[{"start":{"line":25,"column":4},"end":{"line":25,"column":89}},{"start":{"line":25,"column":4},"end":{"line":25,"column":89}}],"line":25},"7":{"loc":{"start":{"line":29,"column":4},"end":{"line":30,"column":91}},"type":"if","locations":[{"start":{"line":29,"column":4},"end":{"line":30,"column":91}},{"start":{"line":29,"column":4},"end":{"line":30,"column":91}}],"line":29},"8":{"loc":{"start":{"line":29,"column":8},"end":{"line":30,"column":61}},"type":"binary-expr","locations":[{"start":{"line":29,"column":9},"end":{"line":29,"column":33}},{"start":{"line":29,"column":37},"end":{"line":29,"column":59}},{"start":{"line":30,"column":10},"end":{"line":30,"column":34}},{"start":{"line":30,"column":38},"end":{"line":30,"column":60}}],"line":29}},"s":{"0":7,"1":7,"2":7,"3":7,"4":7,"5":3,"6":7,"7":15,"8":15,"9":1,"10":14,"11":1,"12":13,"13":1,"14":12,"15":1,"16":11,"17":1,"18":10,"19":10,"20":4,"21":10,"22":7,"23":1,"24":7,"25":1,"26":7},"f":{"0":7,"1":7,"2":3,"3":15,"4":1,"5":1},"b":{"0":[1],"1":[0],"2":[1,14],"3":[1,13],"4":[1,12],"5":[1,11],"6":[1,10],"7":[4,6],"8":[10,7,9,3]},"_coverageSchema":"332fd63041d2c1bcb487cc26dd0d5f7d97098a6c","hash":"d90b756d5d637c88d09b6437001c33b2f02e63ab"}
,"/home/enacom/Desktop/repositories/Personal/node-api-tdd/src/services/transfers.js": {"path":"/home/enacom/Desktop/repositories/Personal/node-api-tdd/src/services/transfers.js","statementMap":{"0":{"start":{"line":3,"column":17},"end":{"line":3,"column":37}},"1":{"start":{"line":5,"column":0},"end":{"line":101,"column":2}},"2":{"start":{"line":6,"column":15},"end":{"line":9,"column":13}},"3":{"start":{"line":6,"column":32},"end":{"line":9,"column":13}},"4":{"start":{"line":11,"column":18},"end":{"line":14,"column":12}},"5":{"start":{"line":11,"column":35},"end":{"line":14,"column":12}},"6":{"start":{"line":16,"column":27},"end":{"line":26,"column":3}},"7":{"start":{"line":17,"column":4},"end":{"line":17,"column":91}},"8":{"start":{"line":17,"column":31},"end":{"line":17,"column":91}},"9":{"start":{"line":18,"column":4},"end":{"line":18,"column":81}},"10":{"start":{"line":18,"column":26},"end":{"line":18,"column":81}},"11":{"start":{"line":19,"column":4},"end":{"line":19,"column":77}},"12":{"start":{"line":19,"column":24},"end":{"line":19,"column":77}},"13":{"start":{"line":20,"column":4},"end":{"line":20,"column":89}},"14":{"start":{"line":20,"column":30},"end":{"line":20,"column":89}},"15":{"start":{"line":21,"column":4},"end":{"line":21,"column":91}},"16":{"start":{"line":21,"column":31},"end":{"line":21,"column":91}},"17":{"start":{"line":22,"column":4},"end":{"line":22,"column":130}},"18":{"start":{"line":22,"column":54},"end":{"line":22,"column":130}},"19":{"start":{"line":24,"column":16},"end":{"line":24,"column":80}},"20":{"start":{"line":25,"column":4},"end":{"line":25,"column":116}},"21":{"start":{"line":25,"column":42},"end":{"line":25,"column":116}},"22":{"start":{"line":28,"column":15},"end":{"line":57,"column":3}},"23":{"start":{"line":29,"column":23},"end":{"line":31,"column":24}},"24":{"start":{"line":33,"column":25},"end":{"line":52,"column":5}},"25":{"start":{"line":54,"column":4},"end":{"line":54,"column":54}},"26":{"start":{"line":56,"column":4},"end":{"line":56,"column":20}},"27":{"start":{"line":59,"column":17},"end":{"line":88,"column":3}},"28":{"start":{"line":60,"column":23},"end":{"line":63,"column":24}},"29":{"start":{"line":65,"column":25},"end":{"line":82,"column":5}},"30":{"start":{"line":84,"column":4},"end":{"line":84,"column":66}},"31":{"start":{"line":85,"column":4},"end":{"line":85,"column":54}},"32":{"start":{"line":87,"column":4},"end":{"line":87,"column":20}},"33":{"start":{"line":90,"column":17},"end":{"line":98,"column":3}},"34":{"start":{"line":91,"column":4},"end":{"line":91,"column":66}},"35":{"start":{"line":92,"column":4},"end":{"line":95,"column":13}},"36":{"start":{"line":97,"column":4},"end":{"line":97,"column":16}},"37":{"start":{"line":100,"column":2},"end":{"line":100,"column":67}}},"fnMap":{"0":{"name":"(anonymous_0)","decl":{"start":{"line":5,"column":17},"end":{"line":5,"column":18}},"loc":{"start":{"line":5,"column":26},"end":{"line":101,"column":1}},"line":5},"1":{"name":"(anonymous_1)","decl":{"start":{"line":6,"column":15},"end":{"line":6,"column":16}},"loc":{"start":{"line":6,"column":32},"end":{"line":9,"column":13}},"line":6},"2":{"name":"(anonymous_2)","decl":{"start":{"line":11,"column":18},"end":{"line":11,"column":19}},"loc":{"start":{"line":11,"column":35},"end":{"line":14,"column":12}},"line":11},"3":{"name":"(anonymous_3)","decl":{"start":{"line":16,"column":27},"end":{"line":16,"column":28}},"loc":{"start":{"line":16,"column":47},"end":{"line":26,"column":3}},"line":16},"4":{"name":"(anonymous_4)","decl":{"start":{"line":28,"column":15},"end":{"line":28,"column":16}},"loc":{"start":{"line":28,"column":31},"end":{"line":57,"column":3}},"line":28},"5":{"name":"(anonymous_5)","decl":{"start":{"line":59,"column":17},"end":{"line":59,"column":18}},"loc":{"start":{"line":59,"column":41},"end":{"line":88,"column":3}},"line":59},"6":{"name":"(anonymous_6)","decl":{"start":{"line":90,"column":17},"end":{"line":90,"column":18}},"loc":{"start":{"line":90,"column":35},"end":{"line":98,"column":3}},"line":90}},"branchMap":{"0":{"loc":{"start":{"line":6,"column":16},"end":{"line":6,"column":27}},"type":"default-arg","locations":[{"start":{"line":6,"column":25},"end":{"line":6,"column":27}}],"line":6},"1":{"loc":{"start":{"line":11,"column":19},"end":{"line":11,"column":30}},"type":"default-arg","locations":[{"start":{"line":11,"column":28},"end":{"line":11,"column":30}}],"line":11},"2":{"loc":{"start":{"line":17,"column":4},"end":{"line":17,"column":91}},"type":"if","locations":[{"start":{"line":17,"column":4},"end":{"line":17,"column":91}},{"start":{"line":17,"column":4},"end":{"line":17,"column":91}}],"line":17},"3":{"loc":{"start":{"line":18,"column":4},"end":{"line":18,"column":81}},"type":"if","locations":[{"start":{"line":18,"column":4},"end":{"line":18,"column":81}},{"start":{"line":18,"column":4},"end":{"line":18,"column":81}}],"line":18},"4":{"loc":{"start":{"line":19,"column":4},"end":{"line":19,"column":77}},"type":"if","locations":[{"start":{"line":19,"column":4},"end":{"line":19,"column":77}},{"start":{"line":19,"column":4},"end":{"line":19,"column":77}}],"line":19},"5":{"loc":{"start":{"line":20,"column":4},"end":{"line":20,"column":89}},"type":"if","locations":[{"start":{"line":20,"column":4},"end":{"line":20,"column":89}},{"start":{"line":20,"column":4},"end":{"line":20,"column":89}}],"line":20},"6":{"loc":{"start":{"line":21,"column":4},"end":{"line":21,"column":91}},"type":"if","locations":[{"start":{"line":21,"column":4},"end":{"line":21,"column":91}},{"start":{"line":21,"column":4},"end":{"line":21,"column":91}}],"line":21},"7":{"loc":{"start":{"line":22,"column":4},"end":{"line":22,"column":130}},"type":"if","locations":[{"start":{"line":22,"column":4},"end":{"line":22,"column":130}},{"start":{"line":22,"column":4},"end":{"line":22,"column":130}}],"line":22},"8":{"loc":{"start":{"line":25,"column":4},"end":{"line":25,"column":116}},"type":"if","locations":[{"start":{"line":25,"column":4},"end":{"line":25,"column":116}},{"start":{"line":25,"column":4},"end":{"line":25,"column":116}}],"line":25}},"s":{"0":7,"1":7,"2":7,"3":1,"4":7,"5":12,"6":7,"7":18,"8":2,"9":16,"10":2,"11":14,"12":2,"13":12,"14":2,"15":10,"16":2,"17":8,"18":2,"19":6,"20":6,"21":2,"22":7,"23":3,"24":3,"25":3,"26":3,"27":7,"28":1,"29":1,"30":1,"31":1,"32":1,"33":7,"34":1,"35":1,"36":1,"37":7},"f":{"0":7,"1":1,"2":12,"3":18,"4":3,"5":1,"6":1},"b":{"0":[0],"1":[0],"2":[2,16],"3":[2,14],"4":[2,12],"5":[2,10],"6":[2,8],"7":[2,6],"8":[2,4]},"_coverageSchema":"332fd63041d2c1bcb487cc26dd0d5f7d97098a6c","hash":"dae449c5cc79d1c78d1ab8bc54b8ed96bb81024d"}
,"/home/enacom/Desktop/repositories/Personal/node-api-tdd/src/services/user.js": {"path":"/home/enacom/Desktop/repositories/Personal/node-api-tdd/src/services/user.js","statementMap":{"0":{"start":{"line":1,"column":15},"end":{"line":1,"column":39}},"1":{"start":{"line":2,"column":17},"end":{"line":2,"column":37}},"2":{"start":{"line":4,"column":0},"end":{"line":28,"column":2}},"3":{"start":{"line":5,"column":18},"end":{"line":5,"column":95}},"4":{"start":{"line":5,"column":35},"end":{"line":5,"column":95}},"5":{"start":{"line":7,"column":18},"end":{"line":7,"column":67}},"6":{"start":{"line":7,"column":30},"end":{"line":7,"column":67}},"7":{"start":{"line":9,"column":22},"end":{"line":12,"column":3}},"8":{"start":{"line":10,"column":17},"end":{"line":10,"column":39}},"9":{"start":{"line":11,"column":4},"end":{"line":11,"column":40}},"10":{"start":{"line":14,"column":15},"end":{"line":25,"column":3}},"11":{"start":{"line":15,"column":4},"end":{"line":15,"column":73}},"12":{"start":{"line":15,"column":20},"end":{"line":15,"column":73}},"13":{"start":{"line":16,"column":4},"end":{"line":16,"column":73}},"14":{"start":{"line":16,"column":20},"end":{"line":16,"column":73}},"15":{"start":{"line":17,"column":4},"end":{"line":17,"column":81}},"16":{"start":{"line":17,"column":24},"end":{"line":17,"column":81}},"17":{"start":{"line":19,"column":22},"end":{"line":19,"column":56}},"18":{"start":{"line":20,"column":4},"end":{"line":20,"column":84}},"19":{"start":{"line":20,"column":19},"end":{"line":20,"column":84}},"20":{"start":{"line":22,"column":20},"end":{"line":22,"column":31}},"21":{"start":{"line":23,"column":4},"end":{"line":23,"column":50}},"22":{"start":{"line":24,"column":4},"end":{"line":24,"column":67}},"23":{"start":{"line":27,"column":2},"end":{"line":27,"column":36}}},"fnMap":{"0":{"name":"(anonymous_0)","decl":{"start":{"line":4,"column":17},"end":{"line":4,"column":18}},"loc":{"start":{"line":4,"column":26},"end":{"line":28,"column":1}},"line":4},"1":{"name":"(anonymous_1)","decl":{"start":{"line":5,"column":18},"end":{"line":5,"column":19}},"loc":{"start":{"line":5,"column":35},"end":{"line":5,"column":95}},"line":5},"2":{"name":"(anonymous_2)","decl":{"start":{"line":7,"column":18},"end":{"line":7,"column":19}},"loc":{"start":{"line":7,"column":30},"end":{"line":7,"column":67}},"line":7},"3":{"name":"(anonymous_3)","decl":{"start":{"line":9,"column":22},"end":{"line":9,"column":23}},"loc":{"start":{"line":9,"column":33},"end":{"line":12,"column":3}},"line":9},"4":{"name":"(anonymous_4)","decl":{"start":{"line":14,"column":15},"end":{"line":14,"column":16}},"loc":{"start":{"line":14,"column":31},"end":{"line":25,"column":3}},"line":14}},"branchMap":{"0":{"loc":{"start":{"line":5,"column":19},"end":{"line":5,"column":30}},"type":"default-arg","locations":[{"start":{"line":5,"column":28},"end":{"line":5,"column":30}}],"line":5},"1":{"loc":{"start":{"line":15,"column":4},"end":{"line":15,"column":73}},"type":"if","locations":[{"start":{"line":15,"column":4},"end":{"line":15,"column":73}},{"start":{"line":15,"column":4},"end":{"line":15,"column":73}}],"line":15},"2":{"loc":{"start":{"line":16,"column":4},"end":{"line":16,"column":73}},"type":"if","locations":[{"start":{"line":16,"column":4},"end":{"line":16,"column":73}},{"start":{"line":16,"column":4},"end":{"line":16,"column":73}}],"line":16},"3":{"loc":{"start":{"line":17,"column":4},"end":{"line":17,"column":81}},"type":"if","locations":[{"start":{"line":17,"column":4},"end":{"line":17,"column":81}},{"start":{"line":17,"column":4},"end":{"line":17,"column":81}}],"line":17},"4":{"loc":{"start":{"line":20,"column":4},"end":{"line":20,"column":84}},"type":"if","locations":[{"start":{"line":20,"column":4},"end":{"line":20,"column":84}},{"start":{"line":20,"column":4},"end":{"line":20,"column":84}}],"line":20}},"s":{"0":7,"1":7,"2":7,"3":7,"4":1,"5":7,"6":157,"7":7,"8":8,"9":8,"10":7,"11":12,"12":1,"13":11,"14":1,"15":10,"16":1,"17":9,"18":9,"19":1,"20":8,"21":8,"22":8,"23":7},"f":{"0":7,"1":1,"2":157,"3":8,"4":12},"b":{"0":[1],"1":[1,11],"2":[1,10],"3":[1,9],"4":[1,8]},"_coverageSchema":"332fd63041d2c1bcb487cc26dd0d5f7d97098a6c","hash":"e955719d69570f6c2113f96030a7c4e1af260748"}
}
