TN:
SF:/home/enacom/Desktop/repositories/Personal/node-api-tdd/knexfile.js
FNF:0
FNH:0
DA:1,7
LF:1
LH:1
BRF:0
BRH:0
end_of_record
TN:
SF:/home/enacom/Desktop/repositories/Personal/node-api-tdd/src/app.js
FN:31,(anonymous_0)
FN:33,(anonymous_1)
FNF:2
FNH:2
FNDA:1,(anonymous_0)
FNDA:34,(anonymous_1)
DA:1,7
DA:2,7
DA:3,7
DA:4,7
DA:5,7
DA:6,7
DA:7,7
DA:9,7
DA:11,7
DA:23,7
DA:31,7
DA:33,7
DA:34,34
DA:36,34
DA:37,34
DA:39,0
DA:43,0
DA:46,34
DA:49,7
LF:19
LH:17
BRDA:37,0,0,34
BRDA:37,0,1,0
BRF:2
BRH:1
end_of_record
TN:
SF:/home/enacom/Desktop/repositories/Personal/node-api-tdd/src/config/middlewares.js
FN:4,(anonymous_0)
FNF:1
FNH:1
FNDA:7,(anonymous_0)
DA:1,7
DA:4,7
DA:5,7
LF:3
LH:3
BRF:0
BRH:0
end_of_record
TN:
SF:/home/enacom/Desktop/repositories/Personal/node-api-tdd/src/config/passport.js
FN:6,(anonymous_0)
FN:12,(anonymous_1)
FN:26,(anonymous_2)
FNF:3
FNH:3
FNDA:7,(anonymous_0)
FNDA:144,(anonymous_1)
FNDA:42,(anonymous_2)
DA:1,7
DA:2,7
DA:4,7
DA:6,7
DA:7,7
DA:12,7
DA:13,144
DA:14,144
DA:16,144
DA:17,0
DA:19,0
DA:23,7
DA:25,7
DA:26,42
LF:14
LH:12
BRDA:16,0,0,144
BRDA:16,0,1,0
BRF:2
BRH:1
end_of_record
TN:
SF:/home/enacom/Desktop/repositories/Personal/node-api-tdd/src/config/router.js
FN:3,(anonymous_0)
FNF:1
FNH:1
FNDA:7,(anonymous_0)
DA:1,7
DA:3,7
DA:4,7
DA:6,7
DA:8,7
DA:9,7
DA:10,7
DA:11,7
DA:12,7
DA:14,7
LF:10
LH:10
BRF:0
BRH:0
end_of_record
TN:
SF:/home/enacom/Desktop/repositories/Personal/node-api-tdd/src/errors/index.js
FN:1,AppError
FNF:1
FNH:1
FNDA:34,AppError
DA:1,7
DA:2,34
DA:3,34
LF:3
LH:3
BRDA:1,0,0,26
BRF:1
BRH:1
end_of_record
TN:
SF:/home/enacom/Desktop/repositories/Personal/node-api-tdd/src/routes/accounts.js
FN:4,(anonymous_0)
FN:7,(anonymous_1)
FN:12,(anonymous_2)
FN:17,(anonymous_3)
FN:20,(anonymous_4)
FN:31,(anonymous_5)
FN:36,(anonymous_6)
FN:40,(anonymous_7)
FN:44,(anonymous_8)
FN:47,(anonymous_9)
FN:50,(anonymous_10)
FN:54,(anonymous_11)
FN:57,(anonymous_12)
FNF:13
FNH:12
FNDA:7,(anonymous_0)
FNDA:7,(anonymous_1)
FNDA:7,(anonymous_2)
FNDA:3,(anonymous_3)
FNDA:3,(anonymous_4)
FNDA:1,(anonymous_5)
FNDA:1,(anonymous_6)
FNDA:1,(anonymous_7)
FNDA:0,(anonymous_8)
FNDA:1,(anonymous_9)
FNDA:1,(anonymous_10)
FNDA:2,(anonymous_11)
FNDA:1,(anonymous_12)
DA:1,7
DA:2,7
DA:4,7
DA:5,7
DA:7,7
DA:8,7
DA:13,7
DA:14,3
DA:15,4
DA:17,3
DA:20,7
DA:21,3
DA:22,3
DA:25,1
DA:27,2
DA:31,7
DA:32,1
DA:36,1
DA:40,7
DA:44,0
DA:47,7
DA:48,1
DA:50,1
DA:54,7
DA:55,2
DA:57,1
DA:61,7
LF:27
LH:26
BRDA:13,0,0,3
BRDA:13,0,1,4
BRDA:13,1,0,7
BRDA:13,1,1,6
BRF:4
BRH:4
end_of_record
TN:
SF:/home/enacom/Desktop/repositories/Personal/node-api-tdd/src/routes/auth.js
FN:8,(anonymous_0)
FN:11,(anonymous_1)
FN:33,(anonymous_2)
FNF:3
FNH:3
FNDA:7,(anonymous_0)
FNDA:3,(anonymous_1)
FNDA:1,(anonymous_2)
DA:2,7
DA:3,7
DA:4,7
DA:6,7
DA:8,7
DA:9,7
DA:11,7
DA:12,3
DA:13,3
DA:15,3
DA:16,1
DA:22,1
DA:24,1
DA:27,2
DA:29,0
DA:33,7
DA:34,1
DA:35,1
DA:36,1
DA:38,0
DA:42,7
LF:21
LH:19
BRDA:15,0,0,1
BRDA:15,0,1,2
BRDA:15,1,0,3
BRDA:15,1,1,2
BRF:4
BRH:4
end_of_record
TN:
SF:/home/enacom/Desktop/repositories/Personal/node-api-tdd/src/routes/balance.js
FN:4,(anonymous_0)
FN:7,(anonymous_1)
FNF:2
FNH:2
FNDA:7,(anonymous_0)
FNDA:10,(anonymous_1)
DA:2,7
DA:4,7
DA:5,7
DA:7,7
DA:8,10
DA:9,10
DA:10,10
DA:12,0
DA:16,7
LF:9
LH:8
BRF:0
BRH:0
end_of_record
TN:
SF:/home/enacom/Desktop/repositories/Personal/node-api-tdd/src/routes/transactions.js
FN:4,(anonymous_0)
FN:7,(anonymous_1)
FN:18,(anonymous_2)
FN:22,(anonymous_3)
FN:25,(anonymous_4)
FN:29,(anonymous_5)
FN:32,(anonymous_6)
FN:36,(anonymous_7)
FN:39,(anonymous_8)
FN:43,(anonymous_9)
FN:46,(anonymous_10)
FN:50,(anonymous_11)
FNF:12
FNH:12
FNDA:7,(anonymous_0)
FNDA:6,(anonymous_1)
FNDA:1,(anonymous_2)
FNDA:1,(anonymous_3)
FNDA:15,(anonymous_4)
FNDA:10,(anonymous_5)
FNDA:1,(anonymous_6)
FNDA:1,(anonymous_7)
FNDA:1,(anonymous_8)
FNDA:1,(anonymous_9)
FNDA:1,(anonymous_10)
FNDA:1,(anonymous_11)
DA:1,7
DA:2,7
DA:4,7
DA:5,7
DA:7,7
DA:8,6
DA:9,6
DA:11,6
DA:12,3
DA:14,3
DA:18,7
DA:22,1
DA:25,15
DA:29,10
DA:32,7
DA:36,1
DA:39,7
DA:43,1
DA:46,7
DA:50,1
DA:53,7
LF:21
LH:21
BRDA:11,0,0,3
BRDA:11,0,1,3
BRF:2
BRH:2
end_of_record
TN:
SF:/home/enacom/Desktop/repositories/Personal/node-api-tdd/src/routes/transfers.js
FN:5,(anonymous_0)
FN:8,(anonymous_1)
FN:23,(anonymous_2)
FN:25,(anonymous_3)
FN:26,(anonymous_4)
FN:29,(anonymous_5)
FN:42,(anonymous_6)
FN:55,(anonymous_7)
FN:68,(anonymous_8)
FN:81,(anonymous_9)
FNF:10
FNH:10
FNDA:7,(anonymous_0)
FNDA:11,(anonymous_1)
FNDA:18,(anonymous_2)
FNDA:4,(anonymous_3)
FNDA:14,(anonymous_4)
FNDA:1,(anonymous_5)
FNDA:1,(anonymous_6)
FNDA:3,(anonymous_7)
FNDA:1,(anonymous_8)
FNDA:1,(anonymous_9)
DA:2,7
DA:3,7
DA:5,7
DA:6,7
DA:8,7
DA:9,11
DA:10,11
DA:15,11
DA:17,10
DA:19,1
DA:23,7
DA:24,18
DA:25,4
DA:26,14
DA:29,7
DA:30,1
DA:31,1
DA:36,1
DA:38,0
DA:42,7
DA:43,1
DA:44,1
DA:49,1
DA:51,0
DA:55,7
DA:56,3
DA:57,3
DA:62,3
DA:64,0
DA:68,7
DA:69,1
DA:70,1
DA:75,1
DA:77,0
DA:81,7
DA:82,1
DA:83,1
DA:88,1
DA:90,0
DA:94,7
LF:40
LH:35
BRDA:15,0,0,1
BRDA:15,0,1,10
BRF:2
BRH:2
end_of_record
TN:
SF:/home/enacom/Desktop/repositories/Personal/node-api-tdd/src/routes/users.js
FN:3,(anonymous_0)
FN:5,(anonymous_1)
FN:10,(anonymous_2)
FN:14,(anonymous_3)
FNF:4
FNH:4
FNDA:7,(anonymous_0)
FNDA:1,(anonymous_1)
FNDA:1,(anonymous_2)
FNDA:6,(anonymous_3)
DA:1,7
DA:3,7
DA:4,7
DA:5,7
DA:6,1
DA:10,1
DA:14,7
DA:15,6
DA:16,6
DA:17,2
DA:19,4
DA:23,7
LF:12
LH:12
BRF:0
BRH:0
end_of_record
TN:
SF:/home/enacom/Desktop/repositories/Personal/node-api-tdd/src/seeds/01_transfer.js
FN:1,(anonymous_0)
FNF:1
FNH:1
FNDA:2,(anonymous_0)
DA:1,2
DA:2,2
DA:3,2
DA:4,2
DA:5,2
DA:7,2
DA:22,2
DA:29,2
DA:50,2
LF:9
LH:9
BRF:0
BRH:0
end_of_record
TN:
SF:/home/enacom/Desktop/repositories/Personal/node-api-tdd/src/seeds/02_balance.js
FN:3,(anonymous_0)
FNF:1
FNH:1
FNDA:2,(anonymous_0)
DA:1,2
DA:3,2
DA:4,2
DA:25,2
DA:34,2
DA:55,2
LF:6
LH:6
BRF:0
BRH:0
end_of_record
TN:
SF:/home/enacom/Desktop/repositories/Personal/node-api-tdd/src/services/accounts.js
FN:3,(anonymous_0)
FN:4,(anonymous_1)
FN:7,(anonymous_2)
FN:11,(anonymous_3)
FN:16,(anonymous_4)
FN:25,(anonymous_5)
FN:37,(anonymous_6)
FN:41,(anonymous_7)
FNF:8
FNH:7
FNDA:7,(anonymous_0)
FNDA:0,(anonymous_1)
FNDA:3,(anonymous_2)
FNDA:13,(anonymous_3)
FNDA:1,(anonymous_4)
FNDA:3,(anonymous_5)
FNDA:1,(anonymous_6)
FNDA:2,(anonymous_7)
DA:1,7
DA:3,7
DA:4,7
DA:7,7
DA:11,13
DA:16,7
DA:17,1
DA:21,1
DA:22,0
DA:25,7
DA:26,3
DA:28,3
DA:30,2
DA:31,2
DA:33,1
DA:37,7
DA:41,7
DA:42,2
DA:43,2
DA:45,1
DA:50,7
LF:21
LH:20
BRDA:7,0,0,0
BRDA:11,1,0,0
BRDA:21,2,0,1
BRDA:21,2,1,0
BRDA:22,3,0,0
BRDA:22,3,1,0
BRDA:28,4,0,1
BRDA:28,4,1,2
BRDA:31,5,0,1
BRDA:31,5,1,1
BRDA:43,6,0,1
BRDA:43,6,1,1
BRF:12
BRH:7
end_of_record
TN:
SF:/home/enacom/Desktop/repositories/Personal/node-api-tdd/src/services/balance.js
FN:1,(anonymous_0)
FN:2,(anonymous_1)
FNF:2
FNH:2
FNDA:7,(anonymous_0)
FNDA:10,(anonymous_1)
DA:1,7
DA:2,10
DA:12,7
LF:3
LH:3
BRF:0
BRH:0
end_of_record
TN:
SF:/home/enacom/Desktop/repositories/Personal/node-api-tdd/src/services/transactions.js
FN:3,(anonymous_0)
FN:4,(anonymous_1)
FN:11,(anonymous_2)
FN:16,(anonymous_3)
FN:37,(anonymous_4)
FN:42,(anonymous_5)
FNF:6
FNH:6
FNDA:7,(anonymous_0)
FNDA:7,(anonymous_1)
FNDA:3,(anonymous_2)
FNDA:15,(anonymous_3)
FNDA:1,(anonymous_4)
FNDA:1,(anonymous_5)
DA:1,7
DA:3,7
DA:4,7
DA:11,7
DA:16,7
DA:19,15
DA:21,15
DA:22,14
DA:23,13
DA:24,12
DA:25,11
DA:27,10
DA:29,10
DA:30,4
DA:32,10
DA:37,7
DA:42,7
DA:47,7
LF:18
LH:18
BRDA:4,0,0,1
BRDA:11,1,0,0
BRDA:21,2,0,1
BRDA:21,2,1,14
BRDA:22,3,0,1
BRDA:22,3,1,13
BRDA:23,4,0,1
BRDA:23,4,1,12
BRDA:24,5,0,1
BRDA:24,5,1,11
BRDA:25,6,0,1
BRDA:25,6,1,10
BRDA:29,7,0,4
BRDA:29,7,1,6
BRDA:29,8,0,10
BRDA:29,8,1,7
BRDA:29,8,2,9
BRDA:29,8,3,3
BRF:18
BRH:17
end_of_record
TN:
SF:/home/enacom/Desktop/repositories/Personal/node-api-tdd/src/services/transfers.js
FN:5,(anonymous_0)
FN:6,(anonymous_1)
FN:11,(anonymous_2)
FN:16,(anonymous_3)
FN:28,(anonymous_4)
FN:59,(anonymous_5)
FN:90,(anonymous_6)
FNF:7
FNH:7
FNDA:7,(anonymous_0)
FNDA:1,(anonymous_1)
FNDA:12,(anonymous_2)
FNDA:18,(anonymous_3)
FNDA:3,(anonymous_4)
FNDA:1,(anonymous_5)
FNDA:1,(anonymous_6)
DA:3,7
DA:5,7
DA:6,7
DA:11,12
DA:16,7
DA:17,18
DA:18,16
DA:19,14
DA:20,12
DA:21,10
DA:22,8
DA:24,6
DA:25,6
DA:28,7
DA:29,3
DA:33,3
DA:54,3
DA:56,3
DA:59,7
DA:60,1
DA:65,1
DA:84,1
DA:85,1
DA:87,1
DA:90,7
DA:91,1
DA:92,1
DA:97,1
DA:100,7
LF:29
LH:29
BRDA:6,0,0,0
BRDA:11,1,0,0
BRDA:17,2,0,2
BRDA:17,2,1,16
BRDA:18,3,0,2
BRDA:18,3,1,14
BRDA:19,4,0,2
BRDA:19,4,1,12
BRDA:20,5,0,2
BRDA:20,5,1,10
BRDA:21,6,0,2
BRDA:21,6,1,8
BRDA:22,7,0,2
BRDA:22,7,1,6
BRDA:25,8,0,2
BRDA:25,8,1,4
BRF:16
BRH:14
end_of_record
TN:
SF:/home/enacom/Desktop/repositories/Personal/node-api-tdd/src/services/user.js
FN:4,(anonymous_0)
FN:5,(anonymous_1)
FN:7,(anonymous_2)
FN:9,(anonymous_3)
FN:14,(anonymous_4)
FNF:5
FNH:5
FNDA:7,(anonymous_0)
FNDA:1,(anonymous_1)
FNDA:157,(anonymous_2)
FNDA:8,(anonymous_3)
FNDA:12,(anonymous_4)
DA:1,7
DA:2,7
DA:4,7
DA:5,7
DA:7,157
DA:9,7
DA:10,8
DA:11,8
DA:14,7
DA:15,12
DA:16,11
DA:17,10
DA:19,9
DA:20,9
DA:22,8
DA:23,8
DA:24,8
DA:27,7
LF:18
LH:18
BRDA:5,0,0,1
BRDA:15,1,0,1
BRDA:15,1,1,11
BRDA:16,2,0,1
BRDA:16,2,1,10
BRDA:17,3,0,1
BRDA:17,3,1,9
BRDA:20,4,0,1
BRDA:20,4,1,8
BRF:9
BRH:9
end_of_record
